#
# There is insufficient memory for the Java Runtime Environment to continue.
# Native memory allocation (malloc) failed to allocate 32744 bytes for ChunkPool::allocate
# Possible reasons:
#   The system is out of physical RAM or swap space
#   The process is running with CompressedOops enabled, and the Java Heap may be blocking the growth of the native heap
# Possible solutions:
#   Reduce memory load on the system
#   Increase physical memory or swap space
#   Check if swap backing store is full
#   Decrease Java heap size (-Xmx/-Xms)
#   Decrease number of Java threads
#   Decrease Java thread stack sizes (-Xss)
#   Set larger code cache with -XX:ReservedCodeCacheSize=
#   JVM is running with Unscaled Compressed Oops mode in which the Java heap is
#     placed in the first 4GB address space. The Java Heap base address is the
#     maximum limit for the native heap growth. Please use -XX:HeapBaseMinAddress
#     to set the Java Heap base and to place the Java Heap above 4GB virtual address.
# This output file may be truncated or incomplete.
#
#  Out of Memory Error (allocation.cpp:272), pid=13940, tid=0x00000000000034f0
#
# JRE version: Java(TM) SE Runtime Environment (8.0_333-b02) (build 1.8.0_333-b02)
# Java VM: Java HotSpot(TM) 64-Bit Server VM (25.333-b02 mixed mode windows-amd64 compressed oops)
# Failed to write core dump. Minidumps are not enabled by default on client versions of Windows
#

---------------  T H R E A D  ---------------

Current thread (0x000001fe00479000):  JavaThread "C2 CompilerThread2" daemon [_thread_in_native, id=13552, stack(0x0000000713000000,0x0000000713100000)]

Stack: [0x0000000713000000,0x0000000713100000]
Native frames: (J=compiled Java code, j=interpreted, Vv=VM code, C=native code)
V  [jvm.dll+0x32fc49]


Current CompileTask:
C2:   1589 2356  s    4       sun.net.www.protocol.file.Handler::openConnection (7 bytes)


---------------  P R O C E S S  ---------------

Java Threads: ( => current thread )
  0x000001fe004e6000 JavaThread "Service Thread" daemon [_thread_blocked, id=10196, stack(0x0000000713200000,0x0000000713300000)]
  0x000001fe00480000 JavaThread "C1 CompilerThread3" daemon [_thread_blocked, id=7780, stack(0x0000000713100000,0x0000000713200000)]
=>0x000001fe00479000 JavaThread "C2 CompilerThread2" daemon [_thread_in_native, id=13552, stack(0x0000000713000000,0x0000000713100000)]
  0x000001fe00476800 JavaThread "C2 CompilerThread1" daemon [_thread_in_native, id=14172, stack(0x0000000712f00000,0x0000000713000000)]
  0x000001fe0046f800 JavaThread "C2 CompilerThread0" daemon [_thread_in_native, id=11212, stack(0x0000000712e00000,0x0000000712f00000)]
  0x000001fe0046e000 JavaThread "Monitor Ctrl-Break" daemon [_thread_in_native, id=8356, stack(0x0000000712d00000,0x0000000712e00000)]
  0x000001fe7dbc8800 JavaThread "Attach Listener" daemon [_thread_blocked, id=12684, stack(0x0000000712c00000,0x0000000712d00000)]
  0x000001fe0004b800 JavaThread "Signal Dispatcher" daemon [_thread_blocked, id=12772, stack(0x0000000712b00000,0x0000000712c00000)]
  0x000001fe7db94800 JavaThread "Finalizer" daemon [_thread_blocked, id=3140, stack(0x0000000712a00000,0x0000000712b00000)]
  0x000001fe7db8c800 JavaThread "Reference Handler" daemon [_thread_blocked, id=8400, stack(0x0000000712900000,0x0000000712a00000)]
  0x000001fe679c8800 JavaThread "main" [_thread_in_native, id=6712, stack(0x0000000711d00000,0x0000000711e00000)]

Other Threads:
  0x000001fe7db64000 VMThread [stack: 0x0000000712800000,0x0000000712900000] [id=13916]
  0x000001fe00557000 WatcherThread [stack: 0x0000000713300000,0x0000000713400000] [id=1888]

VM state:not at safepoint (normal execution)

VM Mutex/Monitor currently owned by a thread: None

heap address: 0x0000000082e00000, size: 2002 MB, Compressed Oops mode: 32-bit
Narrow klass base: 0x0000000000000000, Narrow klass shift: 3
Compressed class space size: 1073741824 Address: 0x0000000100000000

Heap:
 PSYoungGen      total 70656K, used 55790K [0x00000000d6500000, 0x00000000daf00000, 0x0000000100000000)
  eden space 65536K, 77% used [0x00000000d6500000,0x00000000d967c2e8,0x00000000da500000)
  from space 5120K, 99% used [0x00000000da500000,0x00000000da9ff648,0x00000000daa00000)
  to   space 5120K, 0% used [0x00000000daa00000,0x00000000daa00000,0x00000000daf00000)
 ParOldGen       total 64000K, used 11716K [0x0000000082e00000, 0x0000000086c80000, 0x00000000d6500000)
  object space 64000K, 18% used [0x0000000082e00000,0x0000000083971220,0x0000000086c80000)
 Metaspace       used 22102K, capacity 23040K, committed 23168K, reserved 1069056K
  class space    used 2734K, capacity 2944K, committed 2944K, reserved 1048576K

Card table byte_map: [0x000001fe787a0000,0x000001fe78b90000] byte_map_base: 0x000001fe78389000

Marking Bits: (ParMarkBitMap*) 0x0000000062de9030
 Begin Bits: [0x000001fe78e30000, 0x000001fe7ad78000)
 End Bits:   [0x000001fe7ad78000, 0x000001fe7ccc0000)

Polling page: 0x000001fe67b90000

CodeCache: size=245760Kb used=7972Kb max_used=7984Kb free=237787Kb
 bounds [0x000001fe693e0000, 0x000001fe69bc0000, 0x000001fe783e0000]
 total_blobs=2720 nmethods=2353 adapters=279
 compilation: enabled

Compilation events (10 events):
Event: 1.525 Thread 0x000001fe0046f800 2351       4       org.springframework.asm.ClassReader::readMethod (1055 bytes)
Event: 1.537 Thread 0x000001fe00479000 2352       4       org.springframework.asm.ClassVisitor::visitField (24 bytes)
Event: 1.537 Thread 0x000001fe00479000 nmethod 2352 0x000001fe69b9d750 code [0x000001fe69b9d880, 0x000001fe69b9d918]
Event: 1.540 Thread 0x000001fe00480000 2353       3       org.springframework.asm.ClassReader::readLong (29 bytes)
Event: 1.540 Thread 0x000001fe00480000 nmethod 2353 0x000001fe69b9d2d0 code [0x000001fe69b9d440, 0x000001fe69b9d660]
Event: 1.548 Thread 0x000001fe00479000 2354       4       java.io.FilterInputStream::read (11 bytes)
Event: 1.552 Thread 0x000001fe00479000 nmethod 2354 0x000001fe69ba71d0 code [0x000001fe69ba7340, 0x000001fe69ba7988]
Event: 1.558 Thread 0x000001fe00479000 2355       4       java.util.AbstractSequentialList::iterator (5 bytes)
Event: 1.559 Thread 0x000001fe00479000 nmethod 2355 0x000001fe69b9cdd0 code [0x000001fe69b9cf20, 0x000001fe69b9d098]
Event: 1.571 Thread 0x000001fe00479000 2356  s    4       sun.net.www.protocol.file.Handler::openConnection (7 bytes)

GC Heap History (10 events):
Event: 0.610 GC heap before
{Heap before GC invocations=2 (full 0):
 PSYoungGen      total 37888K, used 37873K [0x00000000d6500000, 0x00000000daf00000, 0x0000000100000000)
  eden space 32768K, 100% used [0x00000000d6500000,0x00000000d8500000,0x00000000d8500000)
  from space 5120K, 99% used [0x00000000d8500000,0x00000000d89fc630,0x00000000d8a00000)
  to   space 5120K, 0% used [0x00000000daa00000,0x00000000daa00000,0x00000000daf00000)
 ParOldGen       total 86016K, used 449K [0x0000000082e00000, 0x0000000088200000, 0x00000000d6500000)
  object space 86016K, 0% used [0x0000000082e00000,0x0000000082e70698,0x0000000088200000)
 Metaspace       used 15016K, capacity 15548K, committed 15872K, reserved 1062912K
  class space    used 1791K, capacity 1936K, committed 2048K, reserved 1048576K
Event: 0.615 GC heap after
Heap after GC invocations=2 (full 0):
 PSYoungGen      total 70656K, used 5116K [0x00000000d6500000, 0x00000000daf00000, 0x0000000100000000)
  eden space 65536K, 0% used [0x00000000d6500000,0x00000000d6500000,0x00000000da500000)
  from space 5120K, 99% used [0x00000000daa00000,0x00000000daeff050,0x00000000daf00000)
  to   space 5120K, 0% used [0x00000000da500000,0x00000000da500000,0x00000000daa00000)
 ParOldGen       total 86016K, used 2979K [0x0000000082e00000, 0x0000000088200000, 0x00000000d6500000)
  object space 86016K, 3% used [0x0000000082e00000,0x00000000830e8f68,0x0000000088200000)
 Metaspace       used 15016K, capacity 15548K, committed 15872K, reserved 1062912K
  class space    used 1791K, capacity 1936K, committed 2048K, reserved 1048576K
}
Event: 0.984 GC heap before
{Heap before GC invocations=3 (full 0):
 PSYoungGen      total 70656K, used 62450K [0x00000000d6500000, 0x00000000daf00000, 0x0000000100000000)
  eden space 65536K, 87% used [0x00000000d6500000,0x00000000d9cfda48,0x00000000da500000)
  from space 5120K, 99% used [0x00000000daa00000,0x00000000daeff050,0x00000000daf00000)
  to   space 5120K, 0% used [0x00000000da500000,0x00000000da500000,0x00000000daa00000)
 ParOldGen       total 86016K, used 2979K [0x0000000082e00000, 0x0000000088200000, 0x00000000d6500000)
  object space 86016K, 3% used [0x0000000082e00000,0x00000000830e8f68,0x0000000088200000)
 Metaspace       used 20362K, capacity 21160K, committed 21248K, reserved 1067008K
  class space    used 2538K, capacity 2744K, committed 2816K, reserved 1048576K
Event: 0.991 GC heap after
Heap after GC invocations=3 (full 0):
 PSYoungGen      total 70656K, used 5117K [0x00000000d6500000, 0x00000000daf00000, 0x0000000100000000)
  eden space 65536K, 0% used [0x00000000d6500000,0x00000000d6500000,0x00000000da500000)
  from space 5120K, 99% used [0x00000000da500000,0x00000000da9ff7f8,0x00000000daa00000)
  to   space 5120K, 0% used [0x00000000daa00000,0x00000000daa00000,0x00000000daf00000)
 ParOldGen       total 86016K, used 7830K [0x0000000082e00000, 0x0000000088200000, 0x00000000d6500000)
  object space 86016K, 9% used [0x0000000082e00000,0x00000000835a5bf0,0x0000000088200000)
 Metaspace       used 20362K, capacity 21160K, committed 21248K, reserved 1067008K
  class space    used 2538K, capacity 2744K, committed 2816K, reserved 1048576K
}
Event: 0.991 GC heap before
{Heap before GC invocations=4 (full 1):
 PSYoungGen      total 70656K, used 5117K [0x00000000d6500000, 0x00000000daf00000, 0x0000000100000000)
  eden space 65536K, 0% used [0x00000000d6500000,0x00000000d6500000,0x00000000da500000)
  from space 5120K, 99% used [0x00000000da500000,0x00000000da9ff7f8,0x00000000daa00000)
  to   space 5120K, 0% used [0x00000000daa00000,0x00000000daa00000,0x00000000daf00000)
 ParOldGen       total 86016K, used 7830K [0x0000000082e00000, 0x0000000088200000, 0x00000000d6500000)
  object space 86016K, 9% used [0x0000000082e00000,0x00000000835a5bf0,0x0000000088200000)
 Metaspace       used 20362K, capacity 21160K, committed 21248K, reserved 1067008K
  class space    used 2538K, capacity 2744K, committed 2816K, reserved 1048576K
Event: 1.011 GC heap after
Heap after GC invocations=4 (full 1):
 PSYoungGen      total 70656K, used 0K [0x00000000d6500000, 0x00000000daf00000, 0x0000000100000000)
  eden space 65536K, 0% used [0x00000000d6500000,0x00000000d6500000,0x00000000da500000)
  from space 5120K, 0% used [0x00000000da500000,0x00000000da500000,0x00000000daa00000)
  to   space 5120K, 0% used [0x00000000daa00000,0x00000000daa00000,0x00000000daf00000)
 ParOldGen       total 64000K, used 9698K [0x0000000082e00000, 0x0000000086c80000, 0x00000000d6500000)
  object space 64000K, 15% used [0x0000000082e00000,0x0000000083778aa0,0x0000000086c80000)
 Metaspace       used 20360K, capacity 21154K, committed 21248K, reserved 1067008K
  class space    used 2538K, capacity 2743K, committed 2816K, reserved 1048576K
}
Event: 1.223 GC heap before
{Heap before GC invocations=5 (full 1):
 PSYoungGen      total 70656K, used 65536K [0x00000000d6500000, 0x00000000daf00000, 0x0000000100000000)
  eden space 65536K, 100% used [0x00000000d6500000,0x00000000da500000,0x00000000da500000)
  from space 5120K, 0% used [0x00000000da500000,0x00000000da500000,0x00000000daa00000)
  to   space 5120K, 0% used [0x00000000daa00000,0x00000000daa00000,0x00000000daf00000)
 ParOldGen       total 64000K, used 9698K [0x0000000082e00000, 0x0000000086c80000, 0x00000000d6500000)
  object space 64000K, 15% used [0x0000000082e00000,0x0000000083778aa0,0x0000000086c80000)
 Metaspace       used 21991K, capacity 22976K, committed 23168K, reserved 1069056K
  class space    used 2728K, capacity 2944K, committed 2944K, reserved 1048576K
Event: 1.225 GC heap after
Heap after GC invocations=5 (full 1):
 PSYoungGen      total 70656K, used 5098K [0x00000000d6500000, 0x00000000daf00000, 0x0000000100000000)
  eden space 65536K, 0% used [0x00000000d6500000,0x00000000d6500000,0x00000000da500000)
  from space 5120K, 99% used [0x00000000daa00000,0x00000000daefaa28,0x00000000daf00000)
  to   space 5120K, 0% used [0x00000000da500000,0x00000000da500000,0x00000000daa00000)
 ParOldGen       total 64000K, used 9820K [0x0000000082e00000, 0x0000000086c80000, 0x00000000d6500000)
  object space 64000K, 15% used [0x0000000082e00000,0x0000000083797220,0x0000000086c80000)
 Metaspace       used 21991K, capacity 22976K, committed 23168K, reserved 1069056K
  class space    used 2728K, capacity 2944K, committed 2944K, reserved 1048576K
}
Event: 1.404 GC heap before
{Heap before GC invocations=6 (full 1):
 PSYoungGen      total 70656K, used 70634K [0x00000000d6500000, 0x00000000daf00000, 0x0000000100000000)
  eden space 65536K, 100% used [0x00000000d6500000,0x00000000da500000,0x00000000da500000)
  from space 5120K, 99% used [0x00000000daa00000,0x00000000daefaa28,0x00000000daf00000)
  to   space 5120K, 0% used [0x00000000da500000,0x00000000da500000,0x00000000daa00000)
 ParOldGen       total 64000K, used 9820K [0x0000000082e00000, 0x0000000086c80000, 0x00000000d6500000)
  object space 64000K, 15% used [0x0000000082e00000,0x0000000083797220,0x0000000086c80000)
 Metaspace       used 22083K, capacity 23040K, committed 23168K, reserved 1069056K
  class space    used 2729K, capacity 2944K, committed 2944K, reserved 1048576K
Event: 1.410 GC heap after
Heap after GC invocations=6 (full 1):
 PSYoungGen      total 70656K, used 5117K [0x00000000d6500000, 0x00000000daf00000, 0x0000000100000000)
  eden space 65536K, 0% used [0x00000000d6500000,0x00000000d6500000,0x00000000da500000)
  from space 5120K, 99% used [0x00000000da500000,0x00000000da9ff648,0x00000000daa00000)
  to   space 5120K, 0% used [0x00000000daa00000,0x00000000daa00000,0x00000000daf00000)
 ParOldGen       total 64000K, used 11716K [0x0000000082e00000, 0x0000000086c80000, 0x00000000d6500000)
  object space 64000K, 18% used [0x0000000082e00000,0x0000000083971220,0x0000000086c80000)
 Metaspace       used 22083K, capacity 23040K, committed 23168K, reserved 1069056K
  class space    used 2729K, capacity 2944K, committed 2944K, reserved 1048576K
}

Deoptimization events (10 events):
Event: 0.811 Thread 0x000001fe679c8800 Uncommon trap: reason=unstable_if action=reinterpret pc=0x000001fe69696c84 method=java.io.WinNTFileSystem.normalize(Ljava/lang/String;)Ljava/lang/String; @ 128
Event: 0.928 Thread 0x000001fe679c8800 Uncommon trap: reason=class_check action=maybe_recompile pc=0x000001fe697fd298 method=java.util.HashMap.putVal(ILjava/lang/Object;Ljava/lang/Object;ZZ)Ljava/lang/Object; @ 203
Event: 0.945 Thread 0x000001fe679c8800 Uncommon trap: reason=class_check action=maybe_recompile pc=0x000001fe697fd298 method=java.util.HashMap.putVal(ILjava/lang/Object;Ljava/lang/Object;ZZ)Ljava/lang/Object; @ 203
Event: 0.972 Thread 0x000001fe679c8800 Uncommon trap: reason=class_check action=maybe_recompile pc=0x000001fe697fd298 method=java.util.HashMap.putVal(ILjava/lang/Object;Ljava/lang/Object;ZZ)Ljava/lang/Object; @ 203
Event: 1.096 Thread 0x000001fe679c8800 Uncommon trap: reason=class_check action=maybe_recompile pc=0x000001fe69558f60 method=java.lang.String.equals(Ljava/lang/Object;)Z @ 8
Event: 1.096 Thread 0x000001fe679c8800 Uncommon trap: reason=class_check action=maybe_recompile pc=0x000001fe69558f60 method=java.lang.String.equals(Ljava/lang/Object;)Z @ 8
Event: 1.096 Thread 0x000001fe679c8800 Uncommon trap: reason=class_check action=maybe_recompile pc=0x000001fe69558f60 method=java.lang.String.equals(Ljava/lang/Object;)Z @ 8
Event: 1.097 Thread 0x000001fe679c8800 Uncommon trap: reason=unstable_if action=reinterpret pc=0x000001fe699dd5ec method=org.springframework.core.annotation.MergedAnnotationsCollection.isMappingForType(Lorg/springframework/core/annotation/AnnotationTypeMapping;Ljava/lang/Object;)Z @ 13
Event: 1.097 Thread 0x000001fe679c8800 Uncommon trap: reason=class_check action=maybe_recompile pc=0x000001fe69558f60 method=java.lang.String.equals(Ljava/lang/Object;)Z @ 8
Event: 1.425 Thread 0x000001fe679c8800 Uncommon trap: reason=unstable_if action=reinterpret pc=0x000001fe69b83d90 method=org.springframework.asm.ClassReader.readMethod(Lorg/springframework/asm/ClassVisitor;Lorg/springframework/asm/Context;I)I @ 255

Classes redefined (0 events):
No events

Internal exceptions (10 events):
Event: 0.794 Thread 0x000001fe679c8800 Exception <a 'java/lang/ClassNotFoundException': org/springframework/beans/factory/BeanClassLoaderAwareCustomizer> (0x00000000d7f97a20) thrown at [C:\jenkins\workspace\8-2-build-windows-amd64-cygwin\jdk8u333\2551\hotspot\src\share\vm\classfile\systemDicti
Event: 0.795 Thread 0x000001fe679c8800 Exception <a 'java/lang/ClassNotFoundException': org/springframework/beans/factory/AwareCustomizer> (0x00000000d7fad4b0) thrown at [C:\jenkins\workspace\8-2-build-windows-amd64-cygwin\jdk8u333\2551\hotspot\src\share\vm\classfile\systemDictionary.cpp, line
Event: 0.795 Thread 0x000001fe679c8800 Exception <a 'java/lang/ClassNotFoundException': org/springframework/context/EnvironmentAwareCustomizer> (0x00000000d7fc3408) thrown at [C:\jenkins\workspace\8-2-build-windows-amd64-cygwin\jdk8u333\2551\hotspot\src\share\vm\classfile\systemDictionary.cpp,
Event: 0.795 Thread 0x000001fe679c8800 Exception <a 'java/lang/ClassNotFoundException': org/springframework/beans/factory/AwareCustomizer> (0x00000000d7fd8cc0) thrown at [C:\jenkins\workspace\8-2-build-windows-amd64-cygwin\jdk8u333\2551\hotspot\src\share\vm\classfile\systemDictionary.cpp, line
Event: 0.865 Thread 0x000001fe679c8800 Exception <a 'java/lang/NoSuchMethodError': java.lang.Object.lambda$or$2(Ljava/util/function/Predicate;Ljava/lang/Object;)Z> (0x00000000d84f2e88) thrown at [C:\jenkins\workspace\8-2-build-windows-amd64-cygwin\jdk8u333\2551\hotspot\src\share\vm\interpreter
Event: 0.908 Thread 0x000001fe679c8800 Exception <a 'java/lang/IncompatibleClassChangeError': Found class java.lang.Object, but interface was expected> (0x00000000d906e480) thrown at [C:\jenkins\workspace\8-2-build-windows-amd64-cygwin\jdk8u333\2551\hotspot\src\share\vm\interpreter\linkResolve
Event: 0.932 Thread 0x000001fe679c8800 Exception <a 'java/lang/NoSuchMethodError': java.lang.Object.lambda$getAllAnnotationAttributes$0(Lorg/springframework/util/MultiValueMap;)Lorg/springframework/util/MultiValueMap;> (0x00000000d935f6d0) thrown at [C:\jenkins\workspace\8-2-build-windows-amd6
Event: 0.932 Thread 0x000001fe679c8800 Exception <a 'java/lang/NoSuchMethodError': java.lang.Object.lambda$identity$2(Ljava/lang/Object;)Ljava/lang/Object;> (0x00000000d9371510) thrown at [C:\jenkins\workspace\8-2-build-windows-amd64-cygwin\jdk8u333\2551\hotspot\src\share\vm\interpreter\linkRe
Event: 0.981 Thread 0x000001fe679c8800 Exception <a 'java/security/PrivilegedActionException'> (0x00000000d9c77c90) thrown at [C:\jenkins\workspace\8-2-build-windows-amd64-cygwin\jdk8u333\2551\hotspot\src\share\vm\prims\jvm.cpp, line 1523]
Event: 0.981 Thread 0x000001fe679c8800 Exception <a 'java/security/PrivilegedActionException'> (0x00000000d9c78088) thrown at [C:\jenkins\workspace\8-2-build-windows-amd64-cygwin\jdk8u333\2551\hotspot\src\share\vm\prims\jvm.cpp, line 1523]

Events (10 events):
Event: 1.469 loading class com/fasterxml/jackson/databind/annotation/JacksonStdImpl
Event: 1.469 loading class com/fasterxml/jackson/databind/annotation/JacksonStdImpl done
Event: 1.500 loading class com/fasterxml/jackson/annotation/JsonValue
Event: 1.500 loading class com/fasterxml/jackson/annotation/JsonValue done
Event: 1.500 loading class com/fasterxml/jackson/annotation/JsonCreator
Event: 1.500 loading class com/fasterxml/jackson/annotation/JsonCreator done
Event: 1.501 loading class com/fasterxml/jackson/annotation/JsonCreator$Mode
Event: 1.501 loading class com/fasterxml/jackson/annotation/JsonCreator$Mode done
Event: 1.536 loading class org/springframework/asm/FieldVisitor
Event: 1.536 loading class org/springframework/asm/FieldVisitor done


Dynamic libraries:
0x00007ff666dd0000 - 0x00007ff666e17000 	C:\Program Files\Java\jdk1.8.0\bin\java.exe
0x00007ffc31f50000 - 0x00007ffc32147000 	C:\Windows\SYSTEM32\ntdll.dll
0x00007ffc30bb0000 - 0x00007ffc30c6d000 	C:\Windows\System32\KERNEL32.DLL
0x00007ffc2fc50000 - 0x00007ffc2ff1d000 	C:\Windows\System32\KERNELBASE.dll
0x00007ffc31380000 - 0x00007ffc3142e000 	C:\Windows\System32\ADVAPI32.dll
0x00007ffc30b10000 - 0x00007ffc30bae000 	C:\Windows\System32\msvcrt.dll
0x00007ffc30e10000 - 0x00007ffc30eac000 	C:\Windows\System32\sechost.dll
0x00007ffc31490000 - 0x00007ffc315b5000 	C:\Windows\System32\RPCRT4.dll
0x00007ffc30c70000 - 0x00007ffc30e10000 	C:\Windows\System32\USER32.dll
0x00007ffc2f670000 - 0x00007ffc2f692000 	C:\Windows\System32\win32u.dll
0x00007ffc2ffb0000 - 0x00007ffc2ffda000 	C:\Windows\System32\GDI32.dll
0x00007ffc2f990000 - 0x00007ffc2fa9b000 	C:\Windows\System32\gdi32full.dll
0x00007ffc2f6a0000 - 0x00007ffc2f73d000 	C:\Windows\System32\msvcp_win.dll
0x00007ffc2fb50000 - 0x00007ffc2fc50000 	C:\Windows\System32\ucrtbase.dll
0x00007ffc1da50000 - 0x00007ffc1dcea000 	C:\Windows\WinSxS\amd64_microsoft.windows.common-controls_6595b64144ccf1df_6.0.19041.1110_none_60b5254171f9507e\COMCTL32.dll
0x00007ffc30a00000 - 0x00007ffc30a30000 	C:\Windows\System32\IMM32.DLL
0x00007ffbf83e0000 - 0x00007ffbf83f5000 	C:\Program Files\Java\jdk1.8.0\jre\bin\vcruntime140.dll
0x00007ffbf8340000 - 0x00007ffbf83db000 	C:\Program Files\Java\jdk1.8.0\jre\bin\msvcp140.dll
0x0000000062600000 - 0x0000000062e61000 	C:\Program Files\Java\jdk1.8.0\jre\bin\server\jvm.dll
0x00007ffc30240000 - 0x00007ffc30248000 	C:\Windows\System32\PSAPI.DLL
0x00007ffc21850000 - 0x00007ffc21877000 	C:\Windows\SYSTEM32\WINMM.dll
0x00007ffc29e20000 - 0x00007ffc29e2a000 	C:\Windows\SYSTEM32\VERSION.dll
0x00007ffc1e0f0000 - 0x00007ffc1e0f9000 	C:\Windows\SYSTEM32\WSOCK32.dll
0x00007ffc31620000 - 0x00007ffc3168b000 	C:\Windows\System32\WS2_32.dll
0x00007ffc2df20000 - 0x00007ffc2df32000 	C:\Windows\SYSTEM32\kernel.appcore.dll
0x00007ffbf8330000 - 0x00007ffbf8340000 	C:\Program Files\Java\jdk1.8.0\jre\bin\verify.dll
0x00007ffbf8300000 - 0x00007ffbf832b000 	C:\Program Files\Java\jdk1.8.0\jre\bin\java.dll
0x00007ffc1c6a0000 - 0x00007ffc1c6d0000 	C:\Program Files\Java\jdk1.8.0\jre\bin\instrument.dll
0x00007ffbf82e0000 - 0x00007ffbf82f8000 	C:\Program Files\Java\jdk1.8.0\jre\bin\zip.dll
0x00007ffc31690000 - 0x00007ffc31dd4000 	C:\Windows\System32\SHELL32.dll
0x00007ffc2d600000 - 0x00007ffc2dd94000 	C:\Windows\SYSTEM32\windows.storage.dll
0x00007ffc30250000 - 0x00007ffc305a4000 	C:\Windows\System32\combase.dll
0x00007ffc2f0d0000 - 0x00007ffc2f0fc000 	C:\Windows\SYSTEM32\Wldp.dll
0x00007ffc30190000 - 0x00007ffc3023d000 	C:\Windows\System32\SHCORE.dll
0x00007ffc31320000 - 0x00007ffc31375000 	C:\Windows\System32\shlwapi.dll
0x00007ffc2f5b0000 - 0x00007ffc2f5cf000 	C:\Windows\SYSTEM32\profapi.dll
0x00007ffc1c5d0000 - 0x00007ffc1c5ea000 	C:\Program Files\JetBrains\IntelliJ IDEA Community Edition 2022.1.3\bin\breakgen64.dll
0x00007ffbf82c0000 - 0x00007ffbf82dc000 	C:\Program Files\Java\jdk1.8.0\jre\bin\net.dll
0x00007ffc2ee30000 - 0x00007ffc2ee9a000 	C:\Windows\system32\mswsock.dll
0x00007ffc1e070000 - 0x00007ffc1e07d000 	C:\Program Files\Java\jdk1.8.0\jre\bin\management.dll
0x00007ffbe5170000 - 0x00007ffbe5187000 	C:\Windows\system32\napinsp.dll
0x00007ffbe5140000 - 0x00007ffbe515b000 	C:\Windows\system32\pnrpnsp.dll
0x00007ffbff9b0000 - 0x00007ffbff9c5000 	C:\Windows\system32\wshbth.dll
0x00007ffc2ae60000 - 0x00007ffc2ae7d000 	C:\Windows\system32\NLAapi.dll
0x00007ffc2ead0000 - 0x00007ffc2eb0b000 	C:\Windows\SYSTEM32\IPHLPAPI.DLL
0x00007ffc2eb10000 - 0x00007ffc2ebdb000 	C:\Windows\SYSTEM32\DNSAPI.dll
0x00007ffc308a0000 - 0x00007ffc308a8000 	C:\Windows\System32\NSI.dll
0x00007ffbe5120000 - 0x00007ffbe5132000 	C:\Windows\System32\winrnr.dll
0x00007ffc28340000 - 0x00007ffc2834a000 	C:\Windows\System32\rasadhlp.dll
0x00007ffc25f30000 - 0x00007ffc25fb0000 	C:\Windows\System32\fwpuclnt.dll
0x00007ffc2f8a0000 - 0x00007ffc2f8c7000 	C:\Windows\System32\bcrypt.dll
0x00007ffbf82a0000 - 0x00007ffbf82b3000 	C:\Program Files\Java\jdk1.8.0\jre\bin\nio.dll

VM Arguments:
jvm_args: -javaagent:C:\Program Files\JetBrains\IntelliJ IDEA Community Edition 2022.1.3\lib\idea_rt.jar=51016:C:\Program Files\JetBrains\IntelliJ IDEA Community Edition 2022.1.3\bin -Dfile.encoding=UTF-8 
java_command: com.example.shop.ShopApplication
java_class_path (initial): C:\Program Files\Java\jdk1.8.0\jre\lib\charsets.jar;C:\Program Files\Java\jdk1.8.0\jre\lib\deploy.jar;C:\Program Files\Java\jdk1.8.0\jre\lib\ext\access-bridge-64.jar;C:\Program Files\Java\jdk1.8.0\jre\lib\ext\cldrdata.jar;C:\Program Files\Java\jdk1.8.0\jre\lib\ext\dnsns.jar;C:\Program Files\Java\jdk1.8.0\jre\lib\ext\jaccess.jar;C:\Program Files\Java\jdk1.8.0\jre\lib\ext\jfxrt.jar;C:\Program Files\Java\jdk1.8.0\jre\lib\ext\localedata.jar;C:\Program Files\Java\jdk1.8.0\jre\lib\ext\nashorn.jar;C:\Program Files\Java\jdk1.8.0\jre\lib\ext\sunec.jar;C:\Program Files\Java\jdk1.8.0\jre\lib\ext\sunjce_provider.jar;C:\Program Files\Java\jdk1.8.0\jre\lib\ext\sunmscapi.jar;C:\Program Files\Java\jdk1.8.0\jre\lib\ext\sunpkcs11.jar;C:\Program Files\Java\jdk1.8.0\jre\lib\ext\zipfs.jar;C:\Program Files\Java\jdk1.8.0\jre\lib\javaws.jar;C:\Program Files\Java\jdk1.8.0\jre\lib\jce.jar;C:\Program Files\Java\jdk1.8.0\jre\lib\jfr.jar;C:\Program Files\Java\jdk1.8.0\jre\lib\jfxswt.jar;C:\Program Files\Java\jdk1.8.0\jre\lib\jsse.jar;C:\Program Files\Java\jdk1.8.0\jre\lib\management-agent.jar;C:\Program Files\Java\jdk1.8.0\jre\lib\plugin.jar;C:\Program Files\Java\jdk1.8.0\jre\lib\resources.jar;C:\Program Files\Java\jdk1.8.0\jre\lib\rt.jar;N:\ontime\SmoothShop\target\classes;C:\Users\PCuser\.m2\repository\org\projectlombok\lombok\1.16.10\lombok-1.16.10.jar;C:\Users\PCuser\.m2\repository\org\springframework\boot\spring-boot-starter-web\2.3.2.RELEASE\spring-boot-starter-web-2.3.2.RELEASE.jar;C:\Users\PCuser\.m2\repository\org\springframework\boot\spring-boot-starter\2.3.2.RELEASE\spring-boot-starter-2.3.2.RELEASE.jar;C:\Users\PCuser\.m2\repository\org\springframework\boot\spring-boot\2.3.2.RELEASE\spring-boot-2.3.2.RELEASE.jar;C:\Users\PCuser\.m2\repository\org\springframework\boot\spring-boot-starter-logging\2.3.2.RELEASE\spring-boot-starter-logging-2.3.2.RELEASE.jar;C:\Users\PCuser\.m2\repository\ch\qos\logback\logback-classic\1.2.3\logback-classic-1.2.3.jar;C:\Users
Launcher Type: SUN_STANDARD

Environment Variables:
JAVA_HOME=C:\Program Files\Java\jdk1.8.0
PATH=C:\Program Files (x86)\Common Files\Oracle\Java\javapath;C:\Windows\system32;C:\Windows;C:\Windows\System32\Wbem;C:\Windows\System32\WindowsPowerShell\v1.0\;C:\Windows\System32\OpenSSH\;C:\Program Files\MATLAB\R2017b\runtime\win64;C:\Program Files\MATLAB\R2017b\bin;C:\Program Files\IBM\SPSS\Statistics\25\JRE\bin;C:\Program Files\Microsoft SQL Server\Client SDK\ODBC\170\Tools\Binn\;C:\Program Files (x86)\Microsoft SQL Server\150\Tools\Binn\;C:\Program Files\Microsoft SQL Server\150\Tools\Binn\;C:\Program Files\Microsoft SQL Server\150\DTS\Binn\;C:\Program Files (x86)\Microsoft SQL Server\150\DTS\Binn\;C:\Program Files\Azure Data Studio\bin;C:\Program Files\Java\jdk1.8.0\bin;C:\Program Files\Java\jdk1.8.0\jre\bin;C:\Program Files\dotnet\;C:\Program Files (x86)\Tencent\微信web开发者工具\dll;;C:\Program Files\Git\cmd;C:\Users\PCuser\AppData\Local\Microsoft\WindowsApps;;C:\Program Files\JetBrains\PyCharm Community Edition 2022.1\bin;;C:\Program Files\Azure Data Studio\bin;C:\Users\PCuser\.dotnet\tools
USERNAME=PCuser
OS=Windows_NT
PROCESSOR_IDENTIFIER=Intel64 Family 6 Model 158 Stepping 10, GenuineIntel



---------------  S Y S T E M  ---------------

OS: Windows 10 , 64 bit Build 19041 (10.0.19041.1741)

CPU:total 12 (initial active 12) (6 cores per cpu, 2 threads per core) family 6 model 158 stepping 10, cmov, cx8, fxsr, mmx, sse, sse2, sse3, ssse3, sse4.1, sse4.2, popcnt, avx, avx2, aes, clmul, erms, rtm, 3dnowpref, lzcnt, ht, tsc, tscinvbit, bmi1, bmi2, adx

Memory: 4k page, physical 8198716k(1827208k free), swap 10295864k(7196k free)

vm_info: Java HotSpot(TM) 64-Bit Server VM (25.333-b02) for windows-amd64 JRE (1.8.0_333-b02), built on Apr 25 2022 22:49:11 by "java_re" with MS VC++ 15.9 (VS2017)

time: Wed Jul 12 14:43:44 2023
timezone: 中国标准时间
elapsed time: 1.593183 seconds (0d 0h 0m 1s)

