#
# There is insufficient memory for the Java Runtime Environment to continue.
# Native memory allocation (malloc) failed to allocate 756576 bytes for Chunk::new
# Possible reasons:
#   The system is out of physical RAM or swap space
#   The process is running with CompressedOops enabled, and the Java Heap may be blocking the growth of the native heap
# Possible solutions:
#   Reduce memory load on the system
#   Increase physical memory or swap space
#   Check if swap backing store is full
#   Decrease Java heap size (-Xmx/-Xms)
#   Decrease number of Java threads
#   Decrease Java thread stack sizes (-Xss)
#   Set larger code cache with -XX:ReservedCodeCacheSize=
#   JVM is running with Unscaled Compressed Oops mode in which the Java heap is
#     placed in the first 4GB address space. The Java Heap base address is the
#     maximum limit for the native heap growth. Please use -XX:HeapBaseMinAddress
#     to set the Java Heap base and to place the Java Heap above 4GB virtual address.
# This output file may be truncated or incomplete.
#
#  Out of Memory Error (allocation.cpp:389), pid=1416, tid=0x0000000000001c74
#
# JRE version: Java(TM) SE Runtime Environment (8.0_333-b02) (build 1.8.0_333-b02)
# Java VM: Java HotSpot(TM) 64-Bit Server VM (25.333-b02 mixed mode windows-amd64 compressed oops)
# Failed to write core dump. Minidumps are not enabled by default on client versions of Windows
#

---------------  T H R E A D  ---------------

Current thread (0x000001bfe37c2800):  JavaThread "C2 CompilerThread0" daemon [_thread_in_native, id=7284, stack(0x0000005a5b900000,0x0000005a5ba00000)]

Stack: [0x0000005a5b900000,0x0000005a5ba00000]
Native frames: (J=compiled Java code, j=interpreted, Vv=VM code, C=native code)
V  [jvm.dll+0x32fc49]


Current CompileTask:
C2:   4077 4029       4       java.lang.Class::getMethod0 (40 bytes)


---------------  P R O C E S S  ---------------

Java Threads: ( => current thread )
  0x000001bfe66d9800 JavaThread "Druid-ConnectionPool-Destroy-246452498" daemon [_thread_blocked, id=2032, stack(0x0000005a5c400000,0x0000005a5c500000)]
  0x000001bfe67ef800 JavaThread "Druid-ConnectionPool-Create-246452498" daemon [_thread_blocked, id=6708, stack(0x0000005a5c300000,0x0000005a5c400000)]
  0x000001bfe6379000 JavaThread "Abandoned connection cleanup thread" daemon [_thread_blocked, id=3640, stack(0x0000005a5c200000,0x0000005a5c300000)]
  0x000001bfe49ac800 JavaThread "container-0" [_thread_blocked, id=1368, stack(0x0000005a5c100000,0x0000005a5c200000)]
  0x000001bfe6d0f000 JavaThread "Catalina-utility-2" [_thread_blocked, id=1880, stack(0x0000005a5c000000,0x0000005a5c100000)]
  0x000001bfe8f33000 JavaThread "Catalina-utility-1" [_thread_blocked, id=12696, stack(0x0000005a5bf00000,0x0000005a5c000000)]
  0x000001bfe373b000 JavaThread "Service Thread" daemon [_thread_blocked, id=11968, stack(0x0000005a5bd00000,0x0000005a5be00000)]
  0x000001bfe37d6800 JavaThread "C1 CompilerThread3" daemon [_thread_blocked, id=8124, stack(0x0000005a5bc00000,0x0000005a5bd00000)]
  0x000001bfe37cd000 JavaThread "C2 CompilerThread2" daemon [_thread_in_native, id=1304, stack(0x0000005a5bb00000,0x0000005a5bc00000)]
  0x000001bfe37ca000 JavaThread "C2 CompilerThread1" daemon [_thread_in_native, id=13508, stack(0x0000005a5ba00000,0x0000005a5bb00000)]
=>0x000001bfe37c2800 JavaThread "C2 CompilerThread0" daemon [_thread_in_native, id=7284, stack(0x0000005a5b900000,0x0000005a5ba00000)]
  0x000001bfe3784800 JavaThread "Monitor Ctrl-Break" daemon [_thread_in_native, id=2516, stack(0x0000005a5b800000,0x0000005a5b900000)]
  0x000001bfe0f98000 JavaThread "Attach Listener" daemon [_thread_blocked, id=5136, stack(0x0000005a5b700000,0x0000005a5b800000)]
  0x000001bfe0f85000 JavaThread "Signal Dispatcher" daemon [_thread_blocked, id=1900, stack(0x0000005a5b600000,0x0000005a5b700000)]
  0x000001bfe0f51000 JavaThread "Finalizer" daemon [_thread_blocked, id=13676, stack(0x0000005a5b500000,0x0000005a5b600000)]
  0x000001bfe0f49800 JavaThread "Reference Handler" daemon [_thread_blocked, id=11148, stack(0x0000005a5b400000,0x0000005a5b500000)]
  0x000001bfcae18800 JavaThread "main" [_thread_in_Java, id=6376, stack(0x0000005a5a800000,0x0000005a5a900000)]

Other Threads:
  0x000001bfe0f20800 VMThread [stack: 0x0000005a5b300000,0x0000005a5b400000] [id=12092]
  0x000001bfe373e000 WatcherThread [stack: 0x0000005a5be00000,0x0000005a5bf00000] [id=332]

VM state:not at safepoint (normal execution)

VM Mutex/Monitor currently owned by a thread: None

heap address: 0x0000000082e00000, size: 2002 MB, Compressed Oops mode: 32-bit
Narrow klass base: 0x0000000000000000, Narrow klass shift: 3
Compressed class space size: 1073741824 Address: 0x0000000100000000

Heap:
 PSYoungGen      total 258560K, used 106757K [0x00000000d6500000, 0x00000000e7c80000, 0x0000000100000000)
  eden space 233984K, 45% used [0x00000000d6500000,0x00000000dcd415f8,0x00000000e4980000)
  from space 24576K, 0% used [0x00000000e6480000,0x00000000e6480000,0x00000000e7c80000)
  to   space 26112K, 0% used [0x00000000e4980000,0x00000000e4980000,0x00000000e6300000)
 ParOldGen       total 93184K, used 20245K [0x0000000082e00000, 0x0000000088900000, 0x00000000d6500000)
  object space 93184K, 21% used [0x0000000082e00000,0x00000000841c5508,0x0000000088900000)
 Metaspace       used 42294K, capacity 44396K, committed 44632K, reserved 1087488K
  class space    used 5315K, capacity 5662K, committed 5760K, reserved 1048576K

Card table byte_map: [0x000001bfdbb60000,0x000001bfdbf50000] byte_map_base: 0x000001bfdb749000

Marking Bits: (ParMarkBitMap*) 0x0000000062de9030
 Begin Bits: [0x000001bfdc1f0000, 0x000001bfde138000)
 End Bits:   [0x000001bfde138000, 0x000001bfe0080000)

Polling page: 0x000001bfcadd0000

CodeCache: size=245760Kb used=13888Kb max_used=13888Kb free=231872Kb
 bounds [0x000001bfcc7a0000, 0x000001bfcd540000, 0x000001bfdb7a0000]
 total_blobs=4283 nmethods=3795 adapters=399
 compilation: enabled

Compilation events (10 events):
Event: 4.073 Thread 0x000001bfe37d6800 4225       3       org.springframework.beans.AbstractNestablePropertyAccessor::getWrappedClass (8 bytes)
Event: 4.073 Thread 0x000001bfe37d6800 nmethod 4225 0x000001bfcd538410 code [0x000001bfcd5385a0, 0x000001bfcd538a30]
Event: 4.073 Thread 0x000001bfe37d6800 4226       3       java.util.concurrent.ConcurrentHashMap$KeySetView::iterator (34 bytes)
Event: 4.074 Thread 0x000001bfe37d6800 nmethod 4226 0x000001bfcd538c10 code [0x000001bfcd538da0, 0x000001bfcd5391c0]
Event: 4.074 Thread 0x000001bfe37d6800 4227       3       java.util.concurrent.ConcurrentHashMap$KeyIterator::<init> (12 bytes)
Event: 4.074 Thread 0x000001bfe37d6800 nmethod 4227 0x000001bfcd5393d0 code [0x000001bfcd539540, 0x000001bfcd539820]
Event: 4.074 Thread 0x000001bfe37d6800 4228       3       java.util.concurrent.ConcurrentHashMap$CollectionView::size (8 bytes)
Event: 4.074 Thread 0x000001bfe37d6800 nmethod 4228 0x000001bfcd539950 code [0x000001bfcd539ac0, 0x000001bfcd539e10]
Event: 4.074 Thread 0x000001bfe37d6800 4229       3       org.springframework.core.annotation.AnnotatedElementUtils$AnnotatedElementForAnnotations::getDeclaredAnnotations (11 bytes)
Event: 4.075 Thread 0x000001bfe37d6800 nmethod 4229 0x000001bfcd539f10 code [0x000001bfcd53a080, 0x000001bfcd53a3b0]

GC Heap History (10 events):
Event: 1.715 GC heap before
{Heap before GC invocations=8 (full 1):
 PSYoungGen      total 112640K, used 111008K [0x00000000d6500000, 0x00000000ddd00000, 0x0000000100000000)
  eden space 103936K, 100% used [0x00000000d6500000,0x00000000dca80000,0x00000000dca80000)
  from space 8704K, 81% used [0x00000000dd300000,0x00000000dd9e8000,0x00000000ddb80000)
  to   space 8704K, 0% used [0x00000000dca80000,0x00000000dca80000,0x00000000dd300000)
 ParOldGen       total 56320K, used 7102K [0x0000000082e00000, 0x0000000086500000, 0x00000000d6500000)
  object space 56320K, 12% used [0x0000000082e00000,0x00000000834efac0,0x0000000086500000)
 Metaspace       used 22144K, capacity 23124K, committed 23296K, reserved 1069056K
  class space    used 2744K, capacity 2946K, committed 3072K, reserved 1048576K
Event: 1.731 GC heap after
Heap after GC invocations=8 (full 1):
 PSYoungGen      total 112640K, used 8695K [0x00000000d6500000, 0x00000000e2b80000, 0x0000000100000000)
  eden space 103936K, 0% used [0x00000000d6500000,0x00000000d6500000,0x00000000dca80000)
  from space 8704K, 99% used [0x00000000dca80000,0x00000000dd2fdf70,0x00000000dd300000)
  to   space 15872K, 0% used [0x00000000e1c00000,0x00000000e1c00000,0x00000000e2b80000)
 ParOldGen       total 56320K, used 20021K [0x0000000082e00000, 0x0000000086500000, 0x00000000d6500000)
  object space 56320K, 35% used [0x0000000082e00000,0x000000008418d5c0,0x0000000086500000)
 Metaspace       used 22144K, capacity 23124K, committed 23296K, reserved 1069056K
  class space    used 2744K, capacity 2946K, committed 3072K, reserved 1048576K
}
Event: 1.989 GC heap before
{Heap before GC invocations=9 (full 1):
 PSYoungGen      total 112640K, used 112631K [0x00000000d6500000, 0x00000000e2b80000, 0x0000000100000000)
  eden space 103936K, 100% used [0x00000000d6500000,0x00000000dca80000,0x00000000dca80000)
  from space 8704K, 99% used [0x00000000dca80000,0x00000000dd2fdf70,0x00000000dd300000)
  to   space 15872K, 0% used [0x00000000e1c00000,0x00000000e1c00000,0x00000000e2b80000)
 ParOldGen       total 56320K, used 20021K [0x0000000082e00000, 0x0000000086500000, 0x00000000d6500000)
  object space 56320K, 35% used [0x0000000082e00000,0x000000008418d5c0,0x0000000086500000)
 Metaspace       used 22173K, capacity 23124K, committed 23296K, reserved 1069056K
  class space    used 2750K, capacity 2946K, committed 3072K, reserved 1048576K
Event: 2.002 GC heap after
Heap after GC invocations=9 (full 1):
 PSYoungGen      total 183296K, used 15852K [0x00000000d6500000, 0x00000000e3700000, 0x0000000100000000)
  eden space 167424K, 0% used [0x00000000d6500000,0x00000000d6500000,0x00000000e0880000)
  from space 15872K, 99% used [0x00000000e1c00000,0x00000000e2b7b3b8,0x00000000e2b80000)
  to   space 19968K, 0% used [0x00000000e0880000,0x00000000e0880000,0x00000000e1c00000)
 ParOldGen       total 56320K, used 23717K [0x0000000082e00000, 0x0000000086500000, 0x00000000d6500000)
  object space 56320K, 42% used [0x0000000082e00000,0x00000000845294d8,0x0000000086500000)
 Metaspace       used 22173K, capacity 23124K, committed 23296K, reserved 1069056K
  class space    used 2750K, capacity 2946K, committed 3072K, reserved 1048576K
}
Event: 2.983 GC heap before
{Heap before GC invocations=10 (full 1):
 PSYoungGen      total 183296K, used 183276K [0x00000000d6500000, 0x00000000e3700000, 0x0000000100000000)
  eden space 167424K, 100% used [0x00000000d6500000,0x00000000e0880000,0x00000000e0880000)
  from space 15872K, 99% used [0x00000000e1c00000,0x00000000e2b7b3b8,0x00000000e2b80000)
  to   space 19968K, 0% used [0x00000000e0880000,0x00000000e0880000,0x00000000e1c00000)
 ParOldGen       total 56320K, used 23717K [0x0000000082e00000, 0x0000000086500000, 0x00000000d6500000)
  object space 56320K, 42% used [0x0000000082e00000,0x00000000845294d8,0x0000000086500000)
 Metaspace       used 29517K, capacity 31024K, committed 31104K, reserved 1077248K
  class space    used 3689K, capacity 3954K, committed 3968K, reserved 1048576K
Event: 3.008 GC heap after
Heap after GC invocations=10 (full 1):
 PSYoungGen      total 187392K, used 19944K [0x00000000d6500000, 0x00000000e7e80000, 0x0000000100000000)
  eden space 167424K, 0% used [0x00000000d6500000,0x00000000d6500000,0x00000000e0880000)
  from space 19968K, 99% used [0x00000000e0880000,0x00000000e1bfa128,0x00000000e1c00000)
  to   space 26624K, 0% used [0x00000000e6480000,0x00000000e6480000,0x00000000e7e80000)
 ParOldGen       total 56320K, used 33644K [0x0000000082e00000, 0x0000000086500000, 0x00000000d6500000)
  object space 56320K, 59% used [0x0000000082e00000,0x0000000084edb278,0x0000000086500000)
 Metaspace       used 29517K, capacity 31024K, committed 31104K, reserved 1077248K
  class space    used 3689K, capacity 3954K, committed 3968K, reserved 1048576K
}
Event: 3.307 GC heap before
{Heap before GC invocations=11 (full 1):
 PSYoungGen      total 187392K, used 51478K [0x00000000d6500000, 0x00000000e7e80000, 0x0000000100000000)
  eden space 167424K, 18% used [0x00000000d6500000,0x00000000d83cb9d0,0x00000000e0880000)
  from space 19968K, 99% used [0x00000000e0880000,0x00000000e1bfa128,0x00000000e1c00000)
  to   space 26624K, 0% used [0x00000000e6480000,0x00000000e6480000,0x00000000e7e80000)
 ParOldGen       total 56320K, used 33644K [0x0000000082e00000, 0x0000000086500000, 0x00000000d6500000)
  object space 56320K, 59% used [0x0000000082e00000,0x0000000084edb278,0x0000000086500000)
 Metaspace       used 33625K, capacity 35306K, committed 35416K, reserved 1081344K
  class space    used 4140K, capacity 4439K, committed 4480K, reserved 1048576K
Event: 3.315 GC heap after
Heap after GC invocations=11 (full 1):
 PSYoungGen      total 258560K, used 8858K [0x00000000d6500000, 0x00000000e7c80000, 0x0000000100000000)
  eden space 233984K, 0% used [0x00000000d6500000,0x00000000d6500000,0x00000000e4980000)
  from space 24576K, 36% used [0x00000000e6480000,0x00000000e6d269d0,0x00000000e7c80000)
  to   space 26112K, 0% used [0x00000000e4980000,0x00000000e4980000,0x00000000e6300000)
 ParOldGen       total 56320K, used 36156K [0x0000000082e00000, 0x0000000086500000, 0x00000000d6500000)
  object space 56320K, 64% used [0x0000000082e00000,0x000000008514f298,0x0000000086500000)
 Metaspace       used 33625K, capacity 35306K, committed 35416K, reserved 1081344K
  class space    used 4140K, capacity 4439K, committed 4480K, reserved 1048576K
}
Event: 3.315 GC heap before
{Heap before GC invocations=12 (full 2):
 PSYoungGen      total 258560K, used 8858K [0x00000000d6500000, 0x00000000e7c80000, 0x0000000100000000)
  eden space 233984K, 0% used [0x00000000d6500000,0x00000000d6500000,0x00000000e4980000)
  from space 24576K, 36% used [0x00000000e6480000,0x00000000e6d269d0,0x00000000e7c80000)
  to   space 26112K, 0% used [0x00000000e4980000,0x00000000e4980000,0x00000000e6300000)
 ParOldGen       total 56320K, used 36156K [0x0000000082e00000, 0x0000000086500000, 0x00000000d6500000)
  object space 56320K, 64% used [0x0000000082e00000,0x000000008514f298,0x0000000086500000)
 Metaspace       used 33625K, capacity 35306K, committed 35416K, reserved 1081344K
  class space    used 4140K, capacity 4439K, committed 4480K, reserved 1048576K
Event: 3.356 GC heap after
Heap after GC invocations=12 (full 2):
 PSYoungGen      total 258560K, used 0K [0x00000000d6500000, 0x00000000e7c80000, 0x0000000100000000)
  eden space 233984K, 0% used [0x00000000d6500000,0x00000000d6500000,0x00000000e4980000)
  from space 24576K, 0% used [0x00000000e6480000,0x00000000e6480000,0x00000000e7c80000)
  to   space 26112K, 0% used [0x00000000e4980000,0x00000000e4980000,0x00000000e6300000)
 ParOldGen       total 93184K, used 20245K [0x0000000082e00000, 0x0000000088900000, 0x00000000d6500000)
  object space 93184K, 21% used [0x0000000082e00000,0x00000000841c5508,0x0000000088900000)
 Metaspace       used 33625K, capacity 35306K, committed 35416K, reserved 1081344K
  class space    used 4140K, capacity 4439K, committed 4480K, reserved 1048576K
}

Deoptimization events (10 events):
Event: 3.783 Thread 0x000001bfe67ef800 Uncommon trap: reason=unstable_if action=reinterpret pc=0x000001bfcca39704 method=sun.nio.cs.UTF_8$Decoder.decode([BII[C)I @ 30
Event: 3.784 Thread 0x000001bfe67ef800 Uncommon trap: reason=unstable_if action=reinterpret pc=0x000001bfcd2ba4b8 method=java.util.Properties.getProperty(Ljava/lang/String;)Ljava/lang/String; @ 30
Event: 3.825 Thread 0x000001bfe67ef800 Uncommon trap: reason=unstable_if action=reinterpret pc=0x000001bfcc8d1f0c method=java.lang.Class.arrayContentsEq([Ljava/lang/Object;[Ljava/lang/Object;)Z @ 1
Event: 3.835 Thread 0x000001bfe67ef800 Uncommon trap: reason=null_check action=make_not_entrant pc=0x000001bfcd26e3d4 method=java.lang.StringCoding.encode(Ljava/lang/String;[CII)[B @ 6
Event: 3.849 Thread 0x000001bfe67ef800 Uncommon trap: reason=unstable_if action=reinterpret pc=0x000001bfccf2c0e8 method=java.lang.CharacterDataLatin1.digit(II)I @ 31
Event: 3.849 Thread 0x000001bfe67ef800 Uncommon trap: reason=class_check action=maybe_recompile pc=0x000001bfccf547f4 method=java.nio.charset.CharsetDecoder.replaceWith(Ljava/lang/String;)Ljava/nio/charset/CharsetDecoder; @ 63
Event: 3.849 Thread 0x000001bfe67ef800 Uncommon trap: reason=unstable_if action=reinterpret pc=0x000001bfccf2d960 method=java.net.URI.match(CJJ)Z @ 45
Event: 3.850 Thread 0x000001bfe67ef800 Uncommon trap: reason=class_check action=maybe_recompile pc=0x000001bfccf547f4 method=java.nio.charset.CharsetDecoder.replaceWith(Ljava/lang/String;)Ljava/nio/charset/CharsetDecoder; @ 63
Event: 3.922 Thread 0x000001bfe67ef800 Uncommon trap: reason=unstable_if action=reinterpret pc=0x000001bfccf3724c method=sun.nio.cs.UTF_8$Decoder.decodeArrayLoop(Ljava/nio/ByteBuffer;Ljava/nio/CharBuffer;)Ljava/nio/charset/CoderResult; @ 84
Event: 3.983 Thread 0x000001bfcae18800 Uncommon trap: reason=unstable_if action=reinterpret pc=0x000001bfcce83978 method=java.util.StringTokenizer.nextToken()Ljava/lang/String; @ 5

Classes redefined (0 events):
No events

Internal exceptions (10 events):
Event: 3.516 Thread 0x000001bfcae18800 Exception <a 'java/lang/ClassNotFoundException': org/springframework/beans/factory/AwareCustomizer> (0x00000000d88fe520) thrown at [C:\jenkins\workspace\8-2-build-windows-amd64-cygwin\jdk8u333\2551\hotspot\src\share\vm\classfile\systemDictionary.cpp, line
Event: 3.650 Thread 0x000001bfcae18800 Exception <a 'java/lang/IncompatibleClassChangeError': Found class java.lang.Object, but interface was expected> (0x00000000d99fd358) thrown at [C:\jenkins\workspace\8-2-build-windows-amd64-cygwin\jdk8u333\2551\hotspot\src\share\vm\interpreter\linkResolve
Event: 3.750 Thread 0x000001bfcae18800 Exception <a 'java/lang/ClassNotFoundException': java/lang/ObjectCustomizer> (0x00000000da841dd0) thrown at [C:\jenkins\workspace\8-2-build-windows-amd64-cygwin\jdk8u333\2551\hotspot\src\share\vm\classfile\systemDictionary.cpp, line 212]
Event: 3.750 Thread 0x000001bfcae18800 Exception <a 'java/lang/ClassNotFoundException': org/springframework/dao/support/DaoSupportCustomizer> (0x00000000da85af68) thrown at [C:\jenkins\workspace\8-2-build-windows-amd64-cygwin\jdk8u333\2551\hotspot\src\share\vm\classfile\systemDictionary.cpp, l
Event: 3.751 Thread 0x000001bfcae18800 Exception <a 'java/lang/ClassNotFoundException': org/beetl/sql/ext/spring4/BeetlSqlDaoSupportCustomizer> (0x00000000da872800) thrown at [C:\jenkins\workspace\8-2-build-windows-amd64-cygwin\jdk8u333\2551\hotspot\src\share\vm\classfile\systemDictionary.cpp,
Event: 3.751 Thread 0x000001bfcae18800 Exception <a 'java/lang/ClassNotFoundException': org/beetl/sql/ext/spring4/BeetlSqlFactoryBeanCustomizer> (0x00000000da88c430) thrown at [C:\jenkins\workspace\8-2-build-windows-amd64-cygwin\jdk8u333\2551\hotspot\src\share\vm\classfile\systemDictionary.cpp
Event: 3.752 Thread 0x000001bfcae18800 Exception <a 'java/lang/ClassNotFoundException': org/springframework/beans/factory/FactoryBeanCustomizer> (0x00000000da8ac970) thrown at [C:\jenkins\workspace\8-2-build-windows-amd64-cygwin\jdk8u333\2551\hotspot\src\share\vm\classfile\systemDictionary.cpp
Event: 3.752 Thread 0x000001bfcae18800 Exception <a 'java/lang/ClassNotFoundException': org/springframework/beans/factory/InitializingBeanCustomizer> (0x00000000da8c8438) thrown at [C:\jenkins\workspace\8-2-build-windows-amd64-cygwin\jdk8u333\2551\hotspot\src\share\vm\classfile\systemDictionar
Event: 3.825 Thread 0x000001bfe67ef800 Implicit null exception at 0x000001bfcc8d1c60 to 0x000001bfcc8d1ee1
Event: 3.835 Thread 0x000001bfe67ef800 Implicit null exception at 0x000001bfcd26d77f to 0x000001bfcd26e3c5

Events (10 events):
Event: 4.070 loading class org/springframework/jdbc/core/namedparam/NamedParameterJdbcTemplate$1
Event: 4.070 loading class org/springframework/jdbc/core/namedparam/NamedParameterJdbcTemplate$1 done
Event: 4.070 loading class org/springframework/jdbc/core/PreparedStatementCreatorFactory
Event: 4.070 loading class org/springframework/jdbc/core/PreparedStatementCreatorFactory done
Event: 4.070 loading class org/springframework/jdbc/core/namedparam/ParsedSql
Event: 4.070 loading class org/springframework/jdbc/core/namedparam/ParsedSql done
Event: 4.071 loading class org/springframework/scheduling/annotation/SchedulingConfigurer
Event: 4.071 loading class org/springframework/scheduling/annotation/SchedulingConfigurer done
Event: 4.072 loading class org/springframework/boot/task/TaskSchedulerCustomizer
Event: 4.072 loading class org/springframework/boot/task/TaskSchedulerCustomizer done


Dynamic libraries:
0x00007ff666dd0000 - 0x00007ff666e17000 	C:\Program Files\Java\jdk1.8.0\bin\java.exe
0x00007ffc31f50000 - 0x00007ffc32147000 	C:\Windows\SYSTEM32\ntdll.dll
0x00007ffc30bb0000 - 0x00007ffc30c6d000 	C:\Windows\System32\KERNEL32.DLL
0x00007ffc2fc50000 - 0x00007ffc2ff1d000 	C:\Windows\System32\KERNELBASE.dll
0x00007ffc31380000 - 0x00007ffc3142e000 	C:\Windows\System32\ADVAPI32.dll
0x00007ffc30b10000 - 0x00007ffc30bae000 	C:\Windows\System32\msvcrt.dll
0x00007ffc30e10000 - 0x00007ffc30eac000 	C:\Windows\System32\sechost.dll
0x00007ffc31490000 - 0x00007ffc315b5000 	C:\Windows\System32\RPCRT4.dll
0x00007ffc30c70000 - 0x00007ffc30e10000 	C:\Windows\System32\USER32.dll
0x00007ffc2f670000 - 0x00007ffc2f692000 	C:\Windows\System32\win32u.dll
0x00007ffc2ffb0000 - 0x00007ffc2ffda000 	C:\Windows\System32\GDI32.dll
0x00007ffc2f990000 - 0x00007ffc2fa9b000 	C:\Windows\System32\gdi32full.dll
0x00007ffc2f6a0000 - 0x00007ffc2f73d000 	C:\Windows\System32\msvcp_win.dll
0x00007ffc2fb50000 - 0x00007ffc2fc50000 	C:\Windows\System32\ucrtbase.dll
0x00007ffc1da50000 - 0x00007ffc1dcea000 	C:\Windows\WinSxS\amd64_microsoft.windows.common-controls_6595b64144ccf1df_6.0.19041.1110_none_60b5254171f9507e\COMCTL32.dll
0x00007ffc30a00000 - 0x00007ffc30a30000 	C:\Windows\System32\IMM32.DLL
0x00007ffbf83e0000 - 0x00007ffbf83f5000 	C:\Program Files\Java\jdk1.8.0\jre\bin\vcruntime140.dll
0x00007ffbf8340000 - 0x00007ffbf83db000 	C:\Program Files\Java\jdk1.8.0\jre\bin\msvcp140.dll
0x0000000062600000 - 0x0000000062e61000 	C:\Program Files\Java\jdk1.8.0\jre\bin\server\jvm.dll
0x00007ffc30240000 - 0x00007ffc30248000 	C:\Windows\System32\PSAPI.DLL
0x00007ffc1e0f0000 - 0x00007ffc1e0f9000 	C:\Windows\SYSTEM32\WSOCK32.dll
0x00007ffc29e20000 - 0x00007ffc29e2a000 	C:\Windows\SYSTEM32\VERSION.dll
0x00007ffc21850000 - 0x00007ffc21877000 	C:\Windows\SYSTEM32\WINMM.dll
0x00007ffc31620000 - 0x00007ffc3168b000 	C:\Windows\System32\WS2_32.dll
0x00007ffc2df20000 - 0x00007ffc2df32000 	C:\Windows\SYSTEM32\kernel.appcore.dll
0x00007ffbf8330000 - 0x00007ffbf8340000 	C:\Program Files\Java\jdk1.8.0\jre\bin\verify.dll
0x00007ffbf8300000 - 0x00007ffbf832b000 	C:\Program Files\Java\jdk1.8.0\jre\bin\java.dll
0x00007ffbfcfa0000 - 0x00007ffbfcfd0000 	C:\Program Files\Java\jdk1.8.0\jre\bin\instrument.dll
0x00007ffbf82e0000 - 0x00007ffbf82f8000 	C:\Program Files\Java\jdk1.8.0\jre\bin\zip.dll
0x00007ffc31690000 - 0x00007ffc31dd4000 	C:\Windows\System32\SHELL32.dll
0x00007ffc2d600000 - 0x00007ffc2dd94000 	C:\Windows\SYSTEM32\windows.storage.dll
0x00007ffc30250000 - 0x00007ffc305a4000 	C:\Windows\System32\combase.dll
0x00007ffc2f0d0000 - 0x00007ffc2f0fc000 	C:\Windows\SYSTEM32\Wldp.dll
0x00007ffc30190000 - 0x00007ffc3023d000 	C:\Windows\System32\SHCORE.dll
0x00007ffc31320000 - 0x00007ffc31375000 	C:\Windows\System32\shlwapi.dll
0x00007ffc2f5b0000 - 0x00007ffc2f5cf000 	C:\Windows\SYSTEM32\profapi.dll
0x00007ffc026d0000 - 0x00007ffc026ea000 	C:\Program Files\JetBrains\IntelliJ IDEA Community Edition 2022.1.3\bin\breakgen64.dll
0x00007ffbf82c0000 - 0x00007ffbf82dc000 	C:\Program Files\Java\jdk1.8.0\jre\bin\net.dll
0x00007ffc2ee30000 - 0x00007ffc2ee9a000 	C:\Windows\system32\mswsock.dll
0x00007ffc1e070000 - 0x00007ffc1e07d000 	C:\Program Files\Java\jdk1.8.0\jre\bin\management.dll
0x00007ffbe5170000 - 0x00007ffbe5187000 	C:\Windows\system32\napinsp.dll
0x00007ffbe5140000 - 0x00007ffbe515b000 	C:\Windows\system32\pnrpnsp.dll
0x00007ffbff9b0000 - 0x00007ffbff9c5000 	C:\Windows\system32\wshbth.dll
0x00007ffc2ae60000 - 0x00007ffc2ae7d000 	C:\Windows\system32\NLAapi.dll
0x00007ffc2ead0000 - 0x00007ffc2eb0b000 	C:\Windows\SYSTEM32\IPHLPAPI.DLL
0x00007ffc2eb10000 - 0x00007ffc2ebdb000 	C:\Windows\SYSTEM32\DNSAPI.dll
0x00007ffc308a0000 - 0x00007ffc308a8000 	C:\Windows\System32\NSI.dll
0x00007ffbe5120000 - 0x00007ffbe5132000 	C:\Windows\System32\winrnr.dll
0x00007ffc28340000 - 0x00007ffc2834a000 	C:\Windows\System32\rasadhlp.dll
0x00007ffc25f30000 - 0x00007ffc25fb0000 	C:\Windows\System32\fwpuclnt.dll
0x00007ffc2f8a0000 - 0x00007ffc2f8c7000 	C:\Windows\System32\bcrypt.dll
0x00007ffbf82a0000 - 0x00007ffbf82b3000 	C:\Program Files\Java\jdk1.8.0\jre\bin\nio.dll
0x00007ffc2f020000 - 0x00007ffc2f038000 	C:\Windows\SYSTEM32\CRYPTSP.dll
0x00007ffc2e740000 - 0x00007ffc2e774000 	C:\Windows\system32\rsaenh.dll
0x00007ffc2f530000 - 0x00007ffc2f55e000 	C:\Windows\SYSTEM32\USERENV.dll
0x00007ffc2ff20000 - 0x00007ffc2ffa2000 	C:\Windows\System32\bcryptprimitives.dll
0x00007ffc2f040000 - 0x00007ffc2f04c000 	C:\Windows\SYSTEM32\CRYPTBASE.dll
0x00007ffc298c0000 - 0x00007ffc298d7000 	C:\Windows\SYSTEM32\dhcpcsvc6.DLL
0x00007ffc28d60000 - 0x00007ffc28d7d000 	C:\Windows\SYSTEM32\dhcpcsvc.DLL

VM Arguments:
jvm_args: -javaagent:C:\Program Files\JetBrains\IntelliJ IDEA Community Edition 2022.1.3\lib\idea_rt.jar=51377:C:\Program Files\JetBrains\IntelliJ IDEA Community Edition 2022.1.3\bin -Dfile.encoding=UTF-8 
java_command: com.example.shop.ShopApplication
java_class_path (initial): C:\Program Files\Java\jdk1.8.0\jre\lib\charsets.jar;C:\Program Files\Java\jdk1.8.0\jre\lib\deploy.jar;C:\Program Files\Java\jdk1.8.0\jre\lib\ext\access-bridge-64.jar;C:\Program Files\Java\jdk1.8.0\jre\lib\ext\cldrdata.jar;C:\Program Files\Java\jdk1.8.0\jre\lib\ext\dnsns.jar;C:\Program Files\Java\jdk1.8.0\jre\lib\ext\jaccess.jar;C:\Program Files\Java\jdk1.8.0\jre\lib\ext\jfxrt.jar;C:\Program Files\Java\jdk1.8.0\jre\lib\ext\localedata.jar;C:\Program Files\Java\jdk1.8.0\jre\lib\ext\nashorn.jar;C:\Program Files\Java\jdk1.8.0\jre\lib\ext\sunec.jar;C:\Program Files\Java\jdk1.8.0\jre\lib\ext\sunjce_provider.jar;C:\Program Files\Java\jdk1.8.0\jre\lib\ext\sunmscapi.jar;C:\Program Files\Java\jdk1.8.0\jre\lib\ext\sunpkcs11.jar;C:\Program Files\Java\jdk1.8.0\jre\lib\ext\zipfs.jar;C:\Program Files\Java\jdk1.8.0\jre\lib\javaws.jar;C:\Program Files\Java\jdk1.8.0\jre\lib\jce.jar;C:\Program Files\Java\jdk1.8.0\jre\lib\jfr.jar;C:\Program Files\Java\jdk1.8.0\jre\lib\jfxswt.jar;C:\Program Files\Java\jdk1.8.0\jre\lib\jsse.jar;C:\Program Files\Java\jdk1.8.0\jre\lib\management-agent.jar;C:\Program Files\Java\jdk1.8.0\jre\lib\plugin.jar;C:\Program Files\Java\jdk1.8.0\jre\lib\resources.jar;C:\Program Files\Java\jdk1.8.0\jre\lib\rt.jar;N:\ontime\SmoothShop\target\classes;C:\Users\PCuser\.m2\repository\org\projectlombok\lombok\1.16.10\lombok-1.16.10.jar;C:\Users\PCuser\.m2\repository\org\springframework\boot\spring-boot-starter-web\2.3.2.RELEASE\spring-boot-starter-web-2.3.2.RELEASE.jar;C:\Users\PCuser\.m2\repository\org\springframework\boot\spring-boot-starter\2.3.2.RELEASE\spring-boot-starter-2.3.2.RELEASE.jar;C:\Users\PCuser\.m2\repository\org\springframework\boot\spring-boot\2.3.2.RELEASE\spring-boot-2.3.2.RELEASE.jar;C:\Users\PCuser\.m2\repository\org\springframework\boot\spring-boot-starter-logging\2.3.2.RELEASE\spring-boot-starter-logging-2.3.2.RELEASE.jar;C:\Users\PCuser\.m2\repository\ch\qos\logback\logback-classic\1.2.3\logback-classic-1.2.3.jar;C:\Users
Launcher Type: SUN_STANDARD

Environment Variables:
JAVA_HOME=C:\Program Files\Java\jdk1.8.0
PATH=C:\Program Files (x86)\Common Files\Oracle\Java\javapath;C:\Windows\system32;C:\Windows;C:\Windows\System32\Wbem;C:\Windows\System32\WindowsPowerShell\v1.0\;C:\Windows\System32\OpenSSH\;C:\Program Files\MATLAB\R2017b\runtime\win64;C:\Program Files\MATLAB\R2017b\bin;C:\Program Files\IBM\SPSS\Statistics\25\JRE\bin;C:\Program Files\Microsoft SQL Server\Client SDK\ODBC\170\Tools\Binn\;C:\Program Files (x86)\Microsoft SQL Server\150\Tools\Binn\;C:\Program Files\Microsoft SQL Server\150\Tools\Binn\;C:\Program Files\Microsoft SQL Server\150\DTS\Binn\;C:\Program Files (x86)\Microsoft SQL Server\150\DTS\Binn\;C:\Program Files\Azure Data Studio\bin;C:\Program Files\Java\jdk1.8.0\bin;C:\Program Files\Java\jdk1.8.0\jre\bin;C:\Program Files\dotnet\;C:\Program Files (x86)\Tencent\微信web开发者工具\dll;;C:\Program Files\Git\cmd;C:\Users\PCuser\AppData\Local\Microsoft\WindowsApps;;C:\Program Files\JetBrains\PyCharm Community Edition 2022.1\bin;;C:\Program Files\Azure Data Studio\bin;C:\Users\PCuser\.dotnet\tools
USERNAME=PCuser
OS=Windows_NT
PROCESSOR_IDENTIFIER=Intel64 Family 6 Model 158 Stepping 10, GenuineIntel



---------------  S Y S T E M  ---------------

OS: Windows 10 , 64 bit Build 19041 (10.0.19041.1741)

CPU:total 12 (initial active 12) (6 cores per cpu, 2 threads per core) family 6 model 158 stepping 10, cmov, cx8, fxsr, mmx, sse, sse2, sse3, ssse3, sse4.1, sse4.2, popcnt, avx, avx2, aes, clmul, erms, rtm, 3dnowpref, lzcnt, ht, tsc, tscinvbit, bmi1, bmi2, adx

Memory: 4k page, physical 8198716k(1649624k free), swap 10295864k(5228k free)

vm_info: Java HotSpot(TM) 64-Bit Server VM (25.333-b02) for windows-amd64 JRE (1.8.0_333-b02), built on Apr 25 2022 22:49:11 by "java_re" with MS VC++ 15.9 (VS2017)

time: Wed Jul 12 15:09:39 2023
timezone: 中国标准时间
elapsed time: 4.081435 seconds (0d 0h 0m 4s)

