#
# There is insufficient memory for the Java Runtime Environment to continue.
# Native memory allocation (malloc) failed to allocate 1101136 bytes for Chunk::new
# Possible reasons:
#   The system is out of physical RAM or swap space
#   The process is running with CompressedOops enabled, and the Java Heap may be blocking the growth of the native heap
# Possible solutions:
#   Reduce memory load on the system
#   Increase physical memory or swap space
#   Check if swap backing store is full
#   Decrease Java heap size (-Xmx/-Xms)
#   Decrease number of Java threads
#   Decrease Java thread stack sizes (-Xss)
#   Set larger code cache with -XX:ReservedCodeCacheSize=
#   JVM is running with Unscaled Compressed Oops mode in which the Java heap is
#     placed in the first 4GB address space. The Java Heap base address is the
#     maximum limit for the native heap growth. Please use -XX:HeapBaseMinAddress
#     to set the Java Heap base and to place the Java Heap above 4GB virtual address.
# This output file may be truncated or incomplete.
#
#  Out of Memory Error (allocation.cpp:389), pid=11892, tid=0x0000000000000fa4
#
# JRE version: Java(TM) SE Runtime Environment (8.0_333-b02) (build 1.8.0_333-b02)
# Java VM: Java HotSpot(TM) 64-Bit Server VM (25.333-b02 mixed mode windows-amd64 compressed oops)
# Failed to write core dump. Minidumps are not enabled by default on client versions of Windows
#

---------------  T H R E A D  ---------------

Current thread (0x000001f55d1b4000):  JavaThread "C2 CompilerThread0" daemon [_thread_in_native, id=4004, stack(0x0000008a3ff00000,0x0000008a40000000)]

Stack: [0x0000008a3ff00000,0x0000008a40000000]
Native frames: (J=compiled Java code, j=interpreted, Vv=VM code, C=native code)
V  [jvm.dll+0x32fc49]
V  [jvm.dll+0x2761a2]
V  [jvm.dll+0x276e4d]
V  [jvm.dll+0x26d7f5]
V  [jvm.dll+0xd5a0c]
V  [jvm.dll+0xd620c]
V  [jvm.dll+0x4716a3]
V  [jvm.dll+0x438d60]
V  [jvm.dll+0x441d65]
V  [jvm.dll+0x441125]
V  [jvm.dll+0x42becb]
V  [jvm.dll+0xac68b]
V  [jvm.dll+0xaaceb]
V  [jvm.dll+0x23e6f2]
V  [jvm.dll+0x292edc]
C  [ucrtbase.dll+0x21bb2]
C  [KERNEL32.DLL+0x17034]
C  [ntdll.dll+0x52651]


Current CompileTask:
C2: 115880 4881       4       org.springframework.boot.context.properties.source.SpringConfigurationPropertySources$SourcesIterator::fetchNext (138 bytes)


---------------  P R O C E S S  ---------------

Java Threads: ( => current thread )
  0x000001f55ffbc800 JavaThread "DestroyJavaVM" [_thread_blocked, id=12348, stack(0x0000008a3ee00000,0x0000008a3ef00000)]
  0x000001f55ffb5000 JavaThread "http-nio-8080-Acceptor" daemon [_thread_in_native, id=5548, stack(0x0000008a41700000,0x0000008a41800000)]
  0x000001f55ffb9000 JavaThread "http-nio-8080-ClientPoller" daemon [_thread_in_native, id=12980, stack(0x0000008a41600000,0x0000008a41700000)]
  0x000001f55ffbb000 JavaThread "http-nio-8080-exec-10" daemon [_thread_blocked, id=13948, stack(0x0000008a41500000,0x0000008a41600000)]
  0x000001f55ffbc000 JavaThread "http-nio-8080-exec-9" daemon [_thread_blocked, id=11424, stack(0x0000008a41400000,0x0000008a41500000)]
  0x000001f55ffb8000 JavaThread "http-nio-8080-exec-8" daemon [_thread_blocked, id=1424, stack(0x0000008a41300000,0x0000008a41400000)]
  0x000001f55ffb9800 JavaThread "http-nio-8080-exec-7" daemon [_thread_blocked, id=8244, stack(0x0000008a41200000,0x0000008a41300000)]
  0x000001f55ffb7800 JavaThread "http-nio-8080-exec-6" daemon [_thread_blocked, id=7892, stack(0x0000008a41100000,0x0000008a41200000)]
  0x000001f55ffba800 JavaThread "http-nio-8080-exec-5" daemon [_thread_blocked, id=13188, stack(0x0000008a41000000,0x0000008a41100000)]
  0x000001f561506800 JavaThread "http-nio-8080-exec-4" daemon [_thread_blocked, id=11928, stack(0x0000008a40f00000,0x0000008a41000000)]
  0x000001f561505800 JavaThread "http-nio-8080-exec-3" daemon [_thread_blocked, id=7632, stack(0x0000008a40e00000,0x0000008a40f00000)]
  0x000001f561507000 JavaThread "http-nio-8080-exec-2" daemon [_thread_blocked, id=9756, stack(0x0000008a40d00000,0x0000008a40e00000)]
  0x000001f561505000 JavaThread "http-nio-8080-exec-1" daemon [_thread_blocked, id=8744, stack(0x0000008a40c00000,0x0000008a40d00000)]
  0x000001f561508000 JavaThread "http-nio-8080-BlockPoller" daemon [_thread_in_native, id=12676, stack(0x0000008a40b00000,0x0000008a40c00000)]
  0x000001f560667800 JavaThread "Druid-ConnectionPool-Destroy-967635335" daemon [_thread_blocked, id=8200, stack(0x0000008a40a00000,0x0000008a40b00000)]
  0x000001f563c2b800 JavaThread "Druid-ConnectionPool-Create-967635335" daemon [_thread_blocked, id=4684, stack(0x0000008a40900000,0x0000008a40a00000)]
  0x000001f56011b800 JavaThread "Abandoned connection cleanup thread" daemon [_thread_blocked, id=12180, stack(0x0000008a40800000,0x0000008a40900000)]
  0x000001f55d447000 JavaThread "container-0" [_thread_blocked, id=12848, stack(0x0000008a40700000,0x0000008a40800000)]
  0x000001f55f92b800 JavaThread "Catalina-utility-2" [_thread_blocked, id=13436, stack(0x0000008a40600000,0x0000008a40700000)]
  0x000001f55d4b5800 JavaThread "Catalina-utility-1" [_thread_blocked, id=11276, stack(0x0000008a40500000,0x0000008a40600000)]
  0x000001f55d20e800 JavaThread "Service Thread" daemon [_thread_blocked, id=11228, stack(0x0000008a40300000,0x0000008a40400000)]
  0x000001f55d1c5000 JavaThread "C1 CompilerThread3" daemon [_thread_blocked, id=4136, stack(0x0000008a40200000,0x0000008a40300000)]
  0x000001f55d1be800 JavaThread "C2 CompilerThread2" daemon [_thread_blocked, id=10792, stack(0x0000008a40100000,0x0000008a40200000)]
  0x000001f55d1bc000 JavaThread "C2 CompilerThread1" daemon [_thread_blocked, id=7296, stack(0x0000008a40000000,0x0000008a40100000)]
=>0x000001f55d1b4000 JavaThread "C2 CompilerThread0" daemon [_thread_in_native, id=4004, stack(0x0000008a3ff00000,0x0000008a40000000)]
  0x000001f55d1b2800 JavaThread "Monitor Ctrl-Break" daemon [_thread_in_native, id=1792, stack(0x0000008a3fe00000,0x0000008a3ff00000)]
  0x000001f55cd72800 JavaThread "Attach Listener" daemon [_thread_blocked, id=9088, stack(0x0000008a3fd00000,0x0000008a3fe00000)]
  0x000001f55a996800 JavaThread "Signal Dispatcher" daemon [_thread_blocked, id=3740, stack(0x0000008a3fc00000,0x0000008a3fd00000)]
  0x000001f55a961000 JavaThread "Finalizer" daemon [_thread_blocked, id=1612, stack(0x0000008a3fb00000,0x0000008a3fc00000)]
  0x000001f55a959000 JavaThread "Reference Handler" daemon [_thread_blocked, id=5024, stack(0x0000008a3fa00000,0x0000008a3fb00000)]

Other Threads:
  0x000001f55a931000 VMThread [stack: 0x0000008a3f900000,0x0000008a3fa00000] [id=11820]
  0x000001f55d2c4800 WatcherThread [stack: 0x0000008a40400000,0x0000008a40500000] [id=5540]

VM state:not at safepoint (normal execution)

VM Mutex/Monitor currently owned by a thread: None

heap address: 0x0000000082e00000, size: 2002 MB, Compressed Oops mode: 32-bit
Narrow klass base: 0x0000000000000000, Narrow klass shift: 3
Compressed class space size: 1073741824 Address: 0x0000000100000000

Heap:
 PSYoungGen      total 237568K, used 177244K [0x00000000d6500000, 0x00000000e6980000, 0x0000000100000000)
  eden space 216576K, 81% used [0x00000000d6500000,0x00000000e1217078,0x00000000e3880000)
  from space 20992K, 0% used [0x00000000e5500000,0x00000000e5500000,0x00000000e6980000)
  to   space 25088K, 0% used [0x00000000e3880000,0x00000000e3880000,0x00000000e5100000)
 ParOldGen       total 96768K, used 20537K [0x0000000082e00000, 0x0000000088c80000, 0x00000000d6500000)
  object space 96768K, 21% used [0x0000000082e00000,0x000000008420e6b0,0x0000000088c80000)
 Metaspace       used 47494K, capacity 49833K, committed 49880K, reserved 1093632K
  class space    used 6001K, capacity 6389K, committed 6400K, reserved 1048576K

Card table byte_map: [0x000001f555570000,0x000001f555960000] byte_map_base: 0x000001f555159000

Marking Bits: (ParMarkBitMap*) 0x0000000062de9030
 Begin Bits: [0x000001f555c00000, 0x000001f557b48000)
 End Bits:   [0x000001f557b48000, 0x000001f559a90000)

Polling page: 0x000001f5449c0000

CodeCache: size=245760Kb used=14629Kb max_used=15175Kb free=231130Kb
 bounds [0x000001f5461b0000, 0x000001f5470d0000, 0x000001f5551b0000]
 total_blobs=4582 nmethods=4059 adapters=434
 compilation: enabled

Compilation events (10 events):
Event: 115.617 Thread 0x000001f55d1c5000 nmethod 4879 0x000001f5465d9bd0 code [0x000001f5465d9d60, 0x000001f5465da070]
Event: 115.617 Thread 0x000001f55d1c5000 4880       1       org.springframework.util.LinkedCaseInsensitiveMap::removeEldestEntry (2 bytes)
Event: 115.617 Thread 0x000001f55d1c5000 nmethod 4880 0x000001f546be0d50 code [0x000001f546be0ea0, 0x000001f546be0fb8]
Event: 115.618 Thread 0x000001f55d1b4000 4881       4       org.springframework.boot.context.properties.source.SpringConfigurationPropertySources$SourcesIterator::fetchNext (138 bytes)
Event: 115.618 Thread 0x000001f55d1c5000 4882       3       javax.servlet.http.HttpServletRequestWrapper::_getHttpServletRequest (8 bytes)
Event: 115.618 Thread 0x000001f55d1c5000 nmethod 4882 0x000001f5467cb5d0 code [0x000001f5467cb740, 0x000001f5467cb9b8]
Event: 115.618 Thread 0x000001f55d1c5000 4883       3       org.springframework.util.MimeType::isQuotedString (52 bytes)
Event: 115.619 Thread 0x000001f55d1c5000 nmethod 4883 0x000001f546d4bd90 code [0x000001f546d4bf60, 0x000001f546d4c9e0]
Event: 115.620 Thread 0x000001f55d1be800 4884       4       org.apache.tomcat.util.buf.ByteChunk::setBytes (31 bytes)
Event: 115.620 Thread 0x000001f55d1be800 nmethod 4884 0x000001f546442810 code [0x000001f546442940, 0x000001f5464429d8]

GC Heap History (10 events):
Event: 1.696 GC heap before
{Heap before GC invocations=8 (full 1):
 PSYoungGen      total 110080K, used 108349K [0x00000000d6500000, 0x00000000dda00000, 0x0000000100000000)
  eden space 101376K, 100% used [0x00000000d6500000,0x00000000dc800000,0x00000000dc800000)
  from space 8704K, 80% used [0x00000000dd080000,0x00000000dd74f648,0x00000000dd900000)
  to   space 8704K, 0% used [0x00000000dc800000,0x00000000dc800000,0x00000000dd080000)
 ParOldGen       total 57344K, used 7071K [0x0000000082e00000, 0x0000000086600000, 0x00000000d6500000)
  object space 57344K, 12% used [0x0000000082e00000,0x00000000834e7e38,0x0000000086600000)
 Metaspace       used 22143K, capacity 23120K, committed 23296K, reserved 1069056K
  class space    used 2743K, capacity 2946K, committed 3072K, reserved 1048576K
Event: 1.712 GC heap after
Heap after GC invocations=8 (full 1):
 PSYoungGen      total 110080K, used 8701K [0x00000000d6500000, 0x00000000e2300000, 0x0000000100000000)
  eden space 101376K, 0% used [0x00000000d6500000,0x00000000d6500000,0x00000000dc800000)
  from space 8704K, 99% used [0x00000000dc800000,0x00000000dd07f6e8,0x00000000dd080000)
  to   space 15872K, 0% used [0x00000000e1380000,0x00000000e1380000,0x00000000e2300000)
 ParOldGen       total 57344K, used 19790K [0x0000000082e00000, 0x0000000086600000, 0x00000000d6500000)
  object space 57344K, 34% used [0x0000000082e00000,0x0000000084153bc8,0x0000000086600000)
 Metaspace       used 22143K, capacity 23120K, committed 23296K, reserved 1069056K
  class space    used 2743K, capacity 2946K, committed 3072K, reserved 1048576K
}
Event: 1.941 GC heap before
{Heap before GC invocations=9 (full 1):
 PSYoungGen      total 110080K, used 110077K [0x00000000d6500000, 0x00000000e2300000, 0x0000000100000000)
  eden space 101376K, 100% used [0x00000000d6500000,0x00000000dc800000,0x00000000dc800000)
  from space 8704K, 99% used [0x00000000dc800000,0x00000000dd07f6e8,0x00000000dd080000)
  to   space 15872K, 0% used [0x00000000e1380000,0x00000000e1380000,0x00000000e2300000)
 ParOldGen       total 57344K, used 19790K [0x0000000082e00000, 0x0000000086600000, 0x00000000d6500000)
  object space 57344K, 34% used [0x0000000082e00000,0x0000000084153bc8,0x0000000086600000)
 Metaspace       used 22144K, capacity 23120K, committed 23296K, reserved 1069056K
  class space    used 2743K, capacity 2946K, committed 3072K, reserved 1048576K
Event: 1.954 GC heap after
Heap after GC invocations=9 (full 1):
 PSYoungGen      total 175104K, used 15868K [0x00000000d6500000, 0x00000000e2d80000, 0x0000000100000000)
  eden space 159232K, 0% used [0x00000000d6500000,0x00000000d6500000,0x00000000e0080000)
  from space 15872K, 99% used [0x00000000e1380000,0x00000000e22ff288,0x00000000e2300000)
  to   space 19456K, 0% used [0x00000000e0080000,0x00000000e0080000,0x00000000e1380000)
 ParOldGen       total 57344K, used 22731K [0x0000000082e00000, 0x0000000086600000, 0x00000000d6500000)
  object space 57344K, 39% used [0x0000000082e00000,0x0000000084432d00,0x0000000086600000)
 Metaspace       used 22144K, capacity 23120K, committed 23296K, reserved 1069056K
  class space    used 2743K, capacity 2946K, committed 3072K, reserved 1048576K
}
Event: 2.876 GC heap before
{Heap before GC invocations=10 (full 1):
 PSYoungGen      total 175104K, used 175100K [0x00000000d6500000, 0x00000000e2d80000, 0x0000000100000000)
  eden space 159232K, 100% used [0x00000000d6500000,0x00000000e0080000,0x00000000e0080000)
  from space 15872K, 99% used [0x00000000e1380000,0x00000000e22ff288,0x00000000e2300000)
  to   space 19456K, 0% used [0x00000000e0080000,0x00000000e0080000,0x00000000e1380000)
 ParOldGen       total 57344K, used 22731K [0x0000000082e00000, 0x0000000086600000, 0x00000000d6500000)
  object space 57344K, 39% used [0x0000000082e00000,0x0000000084432d00,0x0000000086600000)
 Metaspace       used 28883K, capacity 30398K, committed 30592K, reserved 1075200K
  class space    used 3627K, capacity 3919K, committed 3968K, reserved 1048576K
Event: 2.904 GC heap after
Heap after GC invocations=10 (full 1):
 PSYoungGen      total 178688K, used 19431K [0x00000000d6500000, 0x00000000e6e80000, 0x0000000100000000)
  eden space 159232K, 0% used [0x00000000d6500000,0x00000000d6500000,0x00000000e0080000)
  from space 19456K, 99% used [0x00000000e0080000,0x00000000e1379c88,0x00000000e1380000)
  to   space 26112K, 0% used [0x00000000e5500000,0x00000000e5500000,0x00000000e6e80000)
 ParOldGen       total 57344K, used 32882K [0x0000000082e00000, 0x0000000086600000, 0x00000000d6500000)
  object space 57344K, 57% used [0x0000000082e00000,0x0000000084e1cb78,0x0000000086600000)
 Metaspace       used 28883K, capacity 30398K, committed 30592K, reserved 1075200K
  class space    used 3627K, capacity 3919K, committed 3968K, reserved 1048576K
}
Event: 3.257 GC heap before
{Heap before GC invocations=11 (full 1):
 PSYoungGen      total 178688K, used 62260K [0x00000000d6500000, 0x00000000e6e80000, 0x0000000100000000)
  eden space 159232K, 26% used [0x00000000d6500000,0x00000000d8ed3378,0x00000000e0080000)
  from space 19456K, 99% used [0x00000000e0080000,0x00000000e1379c88,0x00000000e1380000)
  to   space 26112K, 0% used [0x00000000e5500000,0x00000000e5500000,0x00000000e6e80000)
 ParOldGen       total 57344K, used 32882K [0x0000000082e00000, 0x0000000086600000, 0x00000000d6500000)
  object space 57344K, 57% used [0x0000000082e00000,0x0000000084e1cb78,0x0000000086600000)
 Metaspace       used 33613K, capacity 35302K, committed 35416K, reserved 1081344K
  class space    used 4135K, capacity 4439K, committed 4480K, reserved 1048576K
Event: 3.264 GC heap after
Heap after GC invocations=11 (full 1):
 PSYoungGen      total 237568K, used 9359K [0x00000000d6500000, 0x00000000e6980000, 0x0000000100000000)
  eden space 216576K, 0% used [0x00000000d6500000,0x00000000d6500000,0x00000000e3880000)
  from space 20992K, 44% used [0x00000000e5500000,0x00000000e5e23c08,0x00000000e6980000)
  to   space 25088K, 0% used [0x00000000e3880000,0x00000000e3880000,0x00000000e5100000)
 ParOldGen       total 57344K, used 35234K [0x0000000082e00000, 0x0000000086600000, 0x00000000d6500000)
  object space 57344K, 61% used [0x0000000082e00000,0x0000000085068b98,0x0000000086600000)
 Metaspace       used 33613K, capacity 35302K, committed 35416K, reserved 1081344K
  class space    used 4135K, capacity 4439K, committed 4480K, reserved 1048576K
}
Event: 3.264 GC heap before
{Heap before GC invocations=12 (full 2):
 PSYoungGen      total 237568K, used 9359K [0x00000000d6500000, 0x00000000e6980000, 0x0000000100000000)
  eden space 216576K, 0% used [0x00000000d6500000,0x00000000d6500000,0x00000000e3880000)
  from space 20992K, 44% used [0x00000000e5500000,0x00000000e5e23c08,0x00000000e6980000)
  to   space 25088K, 0% used [0x00000000e3880000,0x00000000e3880000,0x00000000e5100000)
 ParOldGen       total 57344K, used 35234K [0x0000000082e00000, 0x0000000086600000, 0x00000000d6500000)
  object space 57344K, 61% used [0x0000000082e00000,0x0000000085068b98,0x0000000086600000)
 Metaspace       used 33613K, capacity 35302K, committed 35416K, reserved 1081344K
  class space    used 4135K, capacity 4439K, committed 4480K, reserved 1048576K
Event: 3.310 GC heap after
Heap after GC invocations=12 (full 2):
 PSYoungGen      total 237568K, used 0K [0x00000000d6500000, 0x00000000e6980000, 0x0000000100000000)
  eden space 216576K, 0% used [0x00000000d6500000,0x00000000d6500000,0x00000000e3880000)
  from space 20992K, 0% used [0x00000000e5500000,0x00000000e5500000,0x00000000e6980000)
  to   space 25088K, 0% used [0x00000000e3880000,0x00000000e3880000,0x00000000e5100000)
 ParOldGen       total 96768K, used 20537K [0x0000000082e00000, 0x0000000088c80000, 0x00000000d6500000)
  object space 96768K, 21% used [0x0000000082e00000,0x000000008420e6b0,0x0000000088c80000)
 Metaspace       used 33613K, capacity 35302K, committed 35416K, reserved 1081344K
  class space    used 4135K, capacity 4439K, committed 4480K, reserved 1048576K
}

Deoptimization events (10 events):
Event: 85.114 Thread 0x000001f55ffbb000 Uncommon trap: reason=unstable_if action=reinterpret pc=0x000001f5465af72c method=java.nio.Buffer.<init>(IIII)V @ 66
Event: 85.242 Thread 0x000001f561505000 Uncommon trap: reason=class_check action=maybe_recompile pc=0x000001f54671db34 method=sun.nio.cs.ThreadLocalCoders$1.hasName(Ljava/lang/Object;Ljava/lang/Object;)Z @ 8
Event: 85.257 Thread 0x000001f561505000 Uncommon trap: reason=unstable_if action=reinterpret pc=0x000001f5469b8e70 method=java.lang.Character.isHighSurrogate(C)Z @ 3
Event: 85.257 Thread 0x000001f561505000 Uncommon trap: reason=unstable_if action=reinterpret pc=0x000001f546b4db98 method=java.lang.Character.isHighSurrogate(C)Z @ 3
Event: 85.393 Thread 0x000001f561505800 Uncommon trap: reason=unstable_if action=reinterpret pc=0x000001f54647d5bc method=java.lang.CharacterDataLatin1.isWhitespace(I)Z @ 14
Event: 85.396 Thread 0x000001f561505800 Uncommon trap: reason=bimorphic action=maybe_recompile pc=0x000001f546ee9f28 method=java.util.HashMap.removeNode(ILjava/lang/Object;Ljava/lang/Object;ZZ)Ljava/util/HashMap$Node; @ 283
Event: 85.396 Thread 0x000001f561505800 Uncommon trap: reason=bimorphic action=maybe_recompile pc=0x000001f546ee9f28 method=java.util.HashMap.removeNode(ILjava/lang/Object;Ljava/lang/Object;ZZ)Ljava/util/HashMap$Node; @ 283
Event: 85.396 Thread 0x000001f561505800 Uncommon trap: reason=bimorphic action=maybe_recompile pc=0x000001f546ee9f28 method=java.util.HashMap.removeNode(ILjava/lang/Object;Ljava/lang/Object;ZZ)Ljava/util/HashMap$Node; @ 283
Event: 85.396 Thread 0x000001f561505800 Uncommon trap: reason=bimorphic action=maybe_recompile pc=0x000001f546ee9f28 method=java.util.HashMap.removeNode(ILjava/lang/Object;Ljava/lang/Object;ZZ)Ljava/util/HashMap$Node; @ 283
Event: 85.396 Thread 0x000001f561505800 Uncommon trap: reason=bimorphic action=maybe_recompile pc=0x000001f54695d970 method=java.util.HashMap.removeNode(ILjava/lang/Object;Ljava/lang/Object;ZZ)Ljava/util/HashMap$Node; @ 283

Classes redefined (0 events):
No events

Internal exceptions (10 events):
Event: 14.787 Thread 0x000001f561507000 Exception <a 'java/io/IOException'> (0x00000000df06d1a0) thrown at [C:\jenkins\workspace\8-2-build-windows-amd64-cygwin\jdk8u333\2551\hotspot\src\share\vm\prims\jni.cpp, line 710]
Event: 85.119 Thread 0x000001f55ffbb000 Exception <a 'java/lang/ClassNotFoundException': java/lang/ObjectCustomizer> (0x00000000df8fbb38) thrown at [C:\jenkins\workspace\8-2-build-windows-amd64-cygwin\jdk8u333\2551\hotspot\src\share\vm\classfile\systemDictionary.cpp, line 212]
Event: 85.120 Thread 0x000001f55ffbb000 Exception <a 'java/lang/ClassNotFoundException': com/example/shop/bean/UserBeanCustomizer> (0x00000000df9140c8) thrown at [C:\jenkins\workspace\8-2-build-windows-amd64-cygwin\jdk8u333\2551\hotspot\src\share\vm\classfile\systemDictionary.cpp, line 212]
Event: 85.232 Thread 0x000001f561505000 Exception <a 'java/lang/ClassNotFoundException': com/example/shop/bean/UserBeanBeanInfo> (0x00000000e04f9838) thrown at [C:\jenkins\workspace\8-2-build-windows-amd64-cygwin\jdk8u333\2551\hotspot\src\share\vm\classfile\systemDictionary.cpp, line 212]
Event: 85.233 Thread 0x000001f561505000 Exception <a 'java/lang/ClassNotFoundException': java/lang/ObjectBeanInfo> (0x00000000e0502bb8) thrown at [C:\jenkins\workspace\8-2-build-windows-amd64-cygwin\jdk8u333\2551\hotspot\src\share\vm\classfile\systemDictionary.cpp, line 212]
Event: 85.233 Thread 0x000001f561505000 Exception <a 'java/lang/ClassNotFoundException': java/lang/ObjectCustomizer> (0x00000000e050b9a0) thrown at [C:\jenkins\workspace\8-2-build-windows-amd64-cygwin\jdk8u333\2551\hotspot\src\share\vm\classfile\systemDictionary.cpp, line 212]
Event: 85.234 Thread 0x000001f561505000 Exception <a 'java/lang/ClassNotFoundException': com/example/shop/bean/UserBeanCustomizer> (0x00000000e0523c38) thrown at [C:\jenkins\workspace\8-2-build-windows-amd64-cygwin\jdk8u333\2551\hotspot\src\share\vm\classfile\systemDictionary.cpp, line 212]
Event: 85.390 Thread 0x000001f561505800 Exception <a 'java/lang/NoClassDefFoundError': org/python/core/PyException> (0x00000000e0e440b0) thrown at [C:\jenkins\workspace\8-2-build-windows-amd64-cygwin\jdk8u333\2551\hotspot\src\share\vm\classfile\systemDictionary.cpp, line 201]
Event: 85.396 Thread 0x000001f561505800 Exception <a 'java/lang/ClassNotFoundException': com/example/shop/bean/ProductBeanBeanInfo> (0x00000000e0ec2508) thrown at [C:\jenkins\workspace\8-2-build-windows-amd64-cygwin\jdk8u333\2551\hotspot\src\share\vm\classfile\systemDictionary.cpp, line 212]
Event: 85.397 Thread 0x000001f561505800 Exception <a 'java/lang/ClassNotFoundException': com/example/shop/bean/ProductBeanCustomizer> (0x00000000e0ed7f68) thrown at [C:\jenkins\workspace\8-2-build-windows-amd64-cygwin\jdk8u333\2551\hotspot\src\share\vm\classfile\systemDictionary.cpp, line 212]

Events (10 events):
Event: 95.388 loading class org/apache/catalina/webresources/WarResourceSet
Event: 95.388 loading class org/apache/catalina/webresources/WarResourceSet done
Event: 95.388 loading class org/apache/catalina/webresources/AbstractSingleArchiveResourceSet
Event: 95.388 loading class org/apache/catalina/webresources/AbstractSingleArchiveResourceSet done
Event: 95.389 loading class org/apache/catalina/webresources/AbstractArchiveResourceSet
Event: 95.389 loading class org/apache/catalina/webresources/AbstractArchiveResourceSet done
Event: 115.619 Executing VM operation: RevokeBias
Event: 115.619 Executing VM operation: RevokeBias done
Event: 115.619 Executing VM operation: RevokeBias
Event: 115.619 Executing VM operation: RevokeBias done


Dynamic libraries:
0x00007ff666dd0000 - 0x00007ff666e17000 	C:\Program Files\Java\jdk1.8.0\bin\java.exe
0x00007ffc31f50000 - 0x00007ffc32147000 	C:\Windows\SYSTEM32\ntdll.dll
0x00007ffc30bb0000 - 0x00007ffc30c6d000 	C:\Windows\System32\KERNEL32.DLL
0x00007ffc2fc50000 - 0x00007ffc2ff1d000 	C:\Windows\System32\KERNELBASE.dll
0x00007ffc31380000 - 0x00007ffc3142e000 	C:\Windows\System32\ADVAPI32.dll
0x00007ffc30b10000 - 0x00007ffc30bae000 	C:\Windows\System32\msvcrt.dll
0x00007ffc30e10000 - 0x00007ffc30eac000 	C:\Windows\System32\sechost.dll
0x00007ffc31490000 - 0x00007ffc315b5000 	C:\Windows\System32\RPCRT4.dll
0x00007ffc30c70000 - 0x00007ffc30e10000 	C:\Windows\System32\USER32.dll
0x00007ffc2f670000 - 0x00007ffc2f692000 	C:\Windows\System32\win32u.dll
0x00007ffc2ffb0000 - 0x00007ffc2ffda000 	C:\Windows\System32\GDI32.dll
0x00007ffc2f990000 - 0x00007ffc2fa9b000 	C:\Windows\System32\gdi32full.dll
0x00007ffc2f6a0000 - 0x00007ffc2f73d000 	C:\Windows\System32\msvcp_win.dll
0x00007ffc2fb50000 - 0x00007ffc2fc50000 	C:\Windows\System32\ucrtbase.dll
0x00007ffc1da50000 - 0x00007ffc1dcea000 	C:\Windows\WinSxS\amd64_microsoft.windows.common-controls_6595b64144ccf1df_6.0.19041.1110_none_60b5254171f9507e\COMCTL32.dll
0x00007ffc30a00000 - 0x00007ffc30a30000 	C:\Windows\System32\IMM32.DLL
0x00007ffbf83e0000 - 0x00007ffbf83f5000 	C:\Program Files\Java\jdk1.8.0\jre\bin\vcruntime140.dll
0x00007ffbf8340000 - 0x00007ffbf83db000 	C:\Program Files\Java\jdk1.8.0\jre\bin\msvcp140.dll
0x0000000062600000 - 0x0000000062e61000 	C:\Program Files\Java\jdk1.8.0\jre\bin\server\jvm.dll
0x00007ffc30240000 - 0x00007ffc30248000 	C:\Windows\System32\PSAPI.DLL
0x00007ffc21850000 - 0x00007ffc21877000 	C:\Windows\SYSTEM32\WINMM.dll
0x00007ffc1e0f0000 - 0x00007ffc1e0f9000 	C:\Windows\SYSTEM32\WSOCK32.dll
0x00007ffc29e20000 - 0x00007ffc29e2a000 	C:\Windows\SYSTEM32\VERSION.dll
0x00007ffc31620000 - 0x00007ffc3168b000 	C:\Windows\System32\WS2_32.dll
0x00007ffc2df20000 - 0x00007ffc2df32000 	C:\Windows\SYSTEM32\kernel.appcore.dll
0x00007ffbf8330000 - 0x00007ffbf8340000 	C:\Program Files\Java\jdk1.8.0\jre\bin\verify.dll
0x00007ffbf8300000 - 0x00007ffbf832b000 	C:\Program Files\Java\jdk1.8.0\jre\bin\java.dll
0x00007ffc1d7f0000 - 0x00007ffc1d820000 	C:\Program Files\Java\jdk1.8.0\jre\bin\instrument.dll
0x00007ffbf82e0000 - 0x00007ffbf82f8000 	C:\Program Files\Java\jdk1.8.0\jre\bin\zip.dll
0x00007ffc31690000 - 0x00007ffc31dd4000 	C:\Windows\System32\SHELL32.dll
0x00007ffc2d600000 - 0x00007ffc2dd94000 	C:\Windows\SYSTEM32\windows.storage.dll
0x00007ffc30250000 - 0x00007ffc305a4000 	C:\Windows\System32\combase.dll
0x00007ffc2f0d0000 - 0x00007ffc2f0fc000 	C:\Windows\SYSTEM32\Wldp.dll
0x00007ffc30190000 - 0x00007ffc3023d000 	C:\Windows\System32\SHCORE.dll
0x00007ffc31320000 - 0x00007ffc31375000 	C:\Windows\System32\shlwapi.dll
0x00007ffc2f5b0000 - 0x00007ffc2f5cf000 	C:\Windows\SYSTEM32\profapi.dll
0x00007ffc0dad0000 - 0x00007ffc0daea000 	C:\Program Files\JetBrains\IntelliJ IDEA Community Edition 2022.1.3\bin\breakgen64.dll
0x00007ffbf82c0000 - 0x00007ffbf82dc000 	C:\Program Files\Java\jdk1.8.0\jre\bin\net.dll
0x00007ffc2ee30000 - 0x00007ffc2ee9a000 	C:\Windows\system32\mswsock.dll
0x00007ffc1e070000 - 0x00007ffc1e07d000 	C:\Program Files\Java\jdk1.8.0\jre\bin\management.dll
0x00007ffbe5170000 - 0x00007ffbe5187000 	C:\Windows\system32\napinsp.dll
0x00007ffbe5140000 - 0x00007ffbe515b000 	C:\Windows\system32\pnrpnsp.dll
0x00007ffbff9b0000 - 0x00007ffbff9c5000 	C:\Windows\system32\wshbth.dll
0x00007ffc2ae60000 - 0x00007ffc2ae7d000 	C:\Windows\system32\NLAapi.dll
0x00007ffc2ead0000 - 0x00007ffc2eb0b000 	C:\Windows\SYSTEM32\IPHLPAPI.DLL
0x00007ffc2eb10000 - 0x00007ffc2ebdb000 	C:\Windows\SYSTEM32\DNSAPI.dll
0x00007ffc308a0000 - 0x00007ffc308a8000 	C:\Windows\System32\NSI.dll
0x00007ffbe5120000 - 0x00007ffbe5132000 	C:\Windows\System32\winrnr.dll
0x00007ffc28340000 - 0x00007ffc2834a000 	C:\Windows\System32\rasadhlp.dll
0x00007ffc25f30000 - 0x00007ffc25fb0000 	C:\Windows\System32\fwpuclnt.dll
0x00007ffc2f8a0000 - 0x00007ffc2f8c7000 	C:\Windows\System32\bcrypt.dll
0x00007ffbf82a0000 - 0x00007ffbf82b3000 	C:\Program Files\Java\jdk1.8.0\jre\bin\nio.dll
0x00007ffc2f020000 - 0x00007ffc2f038000 	C:\Windows\SYSTEM32\CRYPTSP.dll
0x00007ffc2e740000 - 0x00007ffc2e774000 	C:\Windows\system32\rsaenh.dll
0x00007ffc2f530000 - 0x00007ffc2f55e000 	C:\Windows\SYSTEM32\USERENV.dll
0x00007ffc2ff20000 - 0x00007ffc2ffa2000 	C:\Windows\System32\bcryptprimitives.dll
0x00007ffc2f040000 - 0x00007ffc2f04c000 	C:\Windows\SYSTEM32\CRYPTBASE.dll
0x00007ffc298c0000 - 0x00007ffc298d7000 	C:\Windows\SYSTEM32\dhcpcsvc6.DLL
0x00007ffc28d60000 - 0x00007ffc28d7d000 	C:\Windows\SYSTEM32\dhcpcsvc.DLL
0x00007ffc15c30000 - 0x00007ffc15e14000 	C:\Windows\SYSTEM32\dbghelp.dll

VM Arguments:
jvm_args: -javaagent:C:\Program Files\JetBrains\IntelliJ IDEA Community Edition 2022.1.3\lib\idea_rt.jar=51324:C:\Program Files\JetBrains\IntelliJ IDEA Community Edition 2022.1.3\bin -Dfile.encoding=UTF-8 
java_command: com.example.shop.ShopApplication
java_class_path (initial): C:\Program Files\Java\jdk1.8.0\jre\lib\charsets.jar;C:\Program Files\Java\jdk1.8.0\jre\lib\deploy.jar;C:\Program Files\Java\jdk1.8.0\jre\lib\ext\access-bridge-64.jar;C:\Program Files\Java\jdk1.8.0\jre\lib\ext\cldrdata.jar;C:\Program Files\Java\jdk1.8.0\jre\lib\ext\dnsns.jar;C:\Program Files\Java\jdk1.8.0\jre\lib\ext\jaccess.jar;C:\Program Files\Java\jdk1.8.0\jre\lib\ext\jfxrt.jar;C:\Program Files\Java\jdk1.8.0\jre\lib\ext\localedata.jar;C:\Program Files\Java\jdk1.8.0\jre\lib\ext\nashorn.jar;C:\Program Files\Java\jdk1.8.0\jre\lib\ext\sunec.jar;C:\Program Files\Java\jdk1.8.0\jre\lib\ext\sunjce_provider.jar;C:\Program Files\Java\jdk1.8.0\jre\lib\ext\sunmscapi.jar;C:\Program Files\Java\jdk1.8.0\jre\lib\ext\sunpkcs11.jar;C:\Program Files\Java\jdk1.8.0\jre\lib\ext\zipfs.jar;C:\Program Files\Java\jdk1.8.0\jre\lib\javaws.jar;C:\Program Files\Java\jdk1.8.0\jre\lib\jce.jar;C:\Program Files\Java\jdk1.8.0\jre\lib\jfr.jar;C:\Program Files\Java\jdk1.8.0\jre\lib\jfxswt.jar;C:\Program Files\Java\jdk1.8.0\jre\lib\jsse.jar;C:\Program Files\Java\jdk1.8.0\jre\lib\management-agent.jar;C:\Program Files\Java\jdk1.8.0\jre\lib\plugin.jar;C:\Program Files\Java\jdk1.8.0\jre\lib\resources.jar;C:\Program Files\Java\jdk1.8.0\jre\lib\rt.jar;N:\ontime\SmoothShop\target\classes;C:\Users\PCuser\.m2\repository\org\projectlombok\lombok\1.16.10\lombok-1.16.10.jar;C:\Users\PCuser\.m2\repository\org\springframework\boot\spring-boot-starter-web\2.3.2.RELEASE\spring-boot-starter-web-2.3.2.RELEASE.jar;C:\Users\PCuser\.m2\repository\org\springframework\boot\spring-boot-starter\2.3.2.RELEASE\spring-boot-starter-2.3.2.RELEASE.jar;C:\Users\PCuser\.m2\repository\org\springframework\boot\spring-boot\2.3.2.RELEASE\spring-boot-2.3.2.RELEASE.jar;C:\Users\PCuser\.m2\repository\org\springframework\boot\spring-boot-starter-logging\2.3.2.RELEASE\spring-boot-starter-logging-2.3.2.RELEASE.jar;C:\Users\PCuser\.m2\repository\ch\qos\logback\logback-classic\1.2.3\logback-classic-1.2.3.jar;C:\Users
Launcher Type: SUN_STANDARD

Environment Variables:
JAVA_HOME=C:\Program Files\Java\jdk1.8.0
PATH=C:\Program Files (x86)\Common Files\Oracle\Java\javapath;C:\Windows\system32;C:\Windows;C:\Windows\System32\Wbem;C:\Windows\System32\WindowsPowerShell\v1.0\;C:\Windows\System32\OpenSSH\;C:\Program Files\MATLAB\R2017b\runtime\win64;C:\Program Files\MATLAB\R2017b\bin;C:\Program Files\IBM\SPSS\Statistics\25\JRE\bin;C:\Program Files\Microsoft SQL Server\Client SDK\ODBC\170\Tools\Binn\;C:\Program Files (x86)\Microsoft SQL Server\150\Tools\Binn\;C:\Program Files\Microsoft SQL Server\150\Tools\Binn\;C:\Program Files\Microsoft SQL Server\150\DTS\Binn\;C:\Program Files (x86)\Microsoft SQL Server\150\DTS\Binn\;C:\Program Files\Azure Data Studio\bin;C:\Program Files\Java\jdk1.8.0\bin;C:\Program Files\Java\jdk1.8.0\jre\bin;C:\Program Files\dotnet\;C:\Program Files (x86)\Tencent\微信web开发者工具\dll;;C:\Program Files\Git\cmd;C:\Users\PCuser\AppData\Local\Microsoft\WindowsApps;;C:\Program Files\JetBrains\PyCharm Community Edition 2022.1\bin;;C:\Program Files\Azure Data Studio\bin;C:\Users\PCuser\.dotnet\tools
USERNAME=PCuser
OS=Windows_NT
PROCESSOR_IDENTIFIER=Intel64 Family 6 Model 158 Stepping 10, GenuineIntel



---------------  S Y S T E M  ---------------

OS: Windows 10 , 64 bit Build 19041 (10.0.19041.1741)

CPU:total 12 (initial active 12) (6 cores per cpu, 2 threads per core) family 6 model 158 stepping 10, cmov, cx8, fxsr, mmx, sse, sse2, sse3, ssse3, sse4.1, sse4.2, popcnt, avx, avx2, aes, clmul, erms, rtm, 3dnowpref, lzcnt, ht, tsc, tscinvbit, bmi1, bmi2, adx

Memory: 4k page, physical 8198716k(1711952k free), swap 10295864k(5124k free)

vm_info: Java HotSpot(TM) 64-Bit Server VM (25.333-b02) for windows-amd64 JRE (1.8.0_333-b02), built on Apr 25 2022 22:49:11 by "java_re" with MS VC++ 15.9 (VS2017)

time: Wed Jul 12 15:09:11 2023
timezone: 中国标准时间
elapsed time: 115.885042 seconds (0d 0h 1m 55s)

