#
# There is insufficient memory for the Java Runtime Environment to continue.
# Native memory allocation (malloc) failed to allocate 829776 bytes for Chunk::new
# Possible reasons:
#   The system is out of physical RAM or swap space
#   The process is running with CompressedOops enabled, and the Java Heap may be blocking the growth of the native heap
# Possible solutions:
#   Reduce memory load on the system
#   Increase physical memory or swap space
#   Check if swap backing store is full
#   Decrease Java heap size (-Xmx/-Xms)
#   Decrease number of Java threads
#   Decrease Java thread stack sizes (-Xss)
#   Set larger code cache with -XX:ReservedCodeCacheSize=
#   JVM is running with Unscaled Compressed Oops mode in which the Java heap is
#     placed in the first 4GB address space. The Java Heap base address is the
#     maximum limit for the native heap growth. Please use -XX:HeapBaseMinAddress
#     to set the Java Heap base and to place the Java Heap above 4GB virtual address.
# This output file may be truncated or incomplete.
#
#  Out of Memory Error (allocation.cpp:389), pid=2204, tid=0x000000000000214c
#
# JRE version: Java(TM) SE Runtime Environment (8.0_333-b02) (build 1.8.0_333-b02)
# Java VM: Java HotSpot(TM) 64-Bit Server VM (25.333-b02 mixed mode windows-amd64 compressed oops)
# Failed to write core dump. Minidumps are not enabled by default on client versions of Windows
#

---------------  T H R E A D  ---------------

Current thread (0x0000027376c36800):  JavaThread "C2 CompilerThread1" daemon [_thread_in_native, id=8524, stack(0x000000a409d00000,0x000000a409e00000)]

Stack: [0x000000a409d00000,0x000000a409e00000]
Native frames: (J=compiled Java code, j=interpreted, Vv=VM code, C=native code)
V  [jvm.dll+0x32fc49]


Current CompileTask:
C2:   6949 4486   !   4       java.net.URL::<init> (543 bytes)


---------------  P R O C E S S  ---------------

Java Threads: ( => current thread )
  0x000002737c62b800 JavaThread "DestroyJavaVM" [_thread_blocked, id=3416, stack(0x000000a408b00000,0x000000a408c00000)]
  0x000002737c631800 JavaThread "http-nio-8080-Acceptor" daemon [_thread_in_native, id=11284, stack(0x000000a40b400000,0x000000a40b500000)]
  0x000002737c62e800 JavaThread "http-nio-8080-ClientPoller" daemon [_thread_in_native, id=10204, stack(0x000000a40b300000,0x000000a40b400000)]
  0x000002737c62f000 JavaThread "http-nio-8080-exec-10" daemon [_thread_blocked, id=4112, stack(0x000000a40b200000,0x000000a40b300000)]
  0x000002737c62d000 JavaThread "http-nio-8080-exec-9" daemon [_thread_blocked, id=11756, stack(0x000000a40b100000,0x000000a40b200000)]
  0x000002737c630800 JavaThread "http-nio-8080-exec-8" daemon [_thread_blocked, id=8764, stack(0x000000a40b000000,0x000000a40b100000)]
  0x0000027376c48800 JavaThread "http-nio-8080-exec-7" daemon [_thread_blocked, id=10448, stack(0x000000a40af00000,0x000000a40b000000)]
  0x0000027376c46000 JavaThread "http-nio-8080-exec-6" daemon [_thread_blocked, id=3756, stack(0x000000a40ae00000,0x000000a40af00000)]
  0x0000027376c44800 JavaThread "http-nio-8080-exec-5" daemon [_thread_blocked, id=6096, stack(0x000000a40ad00000,0x000000a40ae00000)]
  0x0000027376c47000 JavaThread "http-nio-8080-exec-4" daemon [_thread_blocked, id=3948, stack(0x000000a40ac00000,0x000000a40ad00000)]
  0x0000027376c45800 JavaThread "http-nio-8080-exec-3" daemon [_thread_blocked, id=3176, stack(0x000000a40ab00000,0x000000a40ac00000)]
  0x0000027376c43000 JavaThread "http-nio-8080-exec-2" daemon [_thread_blocked, id=13772, stack(0x000000a40aa00000,0x000000a40ab00000)]
  0x0000027376c47800 JavaThread "http-nio-8080-exec-1" daemon [_thread_in_vm, id=6460, stack(0x000000a40a900000,0x000000a40aa00000)]
  0x0000027376c4a000 JavaThread "http-nio-8080-BlockPoller" daemon [_thread_in_native, id=1860, stack(0x000000a40a800000,0x000000a40a900000)]
  0x000002737a838800 JavaThread "Druid-ConnectionPool-Destroy-1528168968" daemon [_thread_blocked, id=9796, stack(0x000000a40a700000,0x000000a40a800000)]
  0x000002737b45e000 JavaThread "Druid-ConnectionPool-Create-1528168968" daemon [_thread_blocked, id=8780, stack(0x000000a40a600000,0x000000a40a700000)]
  0x00000273772d1000 JavaThread "Abandoned connection cleanup thread" daemon [_thread_blocked, id=6552, stack(0x000000a40a500000,0x000000a40a600000)]
  0x000002737754d000 JavaThread "container-0" [_thread_blocked, id=13096, stack(0x000000a40a400000,0x000000a40a500000)]
  0x0000027377515800 JavaThread "Catalina-utility-2" [_thread_blocked, id=9604, stack(0x000000a40a300000,0x000000a40a400000)]
  0x0000027379aad000 JavaThread "Catalina-utility-1" [_thread_blocked, id=6780, stack(0x000000a40a200000,0x000000a40a300000)]
  0x0000027376bac000 JavaThread "Service Thread" daemon [_thread_blocked, id=11996, stack(0x000000a40a000000,0x000000a40a100000)]
  0x0000027376c49000 JavaThread "C1 CompilerThread3" daemon [_thread_blocked, id=1216, stack(0x000000a409f00000,0x000000a40a000000)]
  0x0000027376c3a000 JavaThread "C2 CompilerThread2" daemon [_thread_in_native, id=14164, stack(0x000000a409e00000,0x000000a409f00000)]
=>0x0000027376c36800 JavaThread "C2 CompilerThread1" daemon [_thread_in_native, id=8524, stack(0x000000a409d00000,0x000000a409e00000)]
  0x0000027376c31800 JavaThread "C2 CompilerThread0" daemon [_thread_in_native, id=2124, stack(0x000000a409c00000,0x000000a409d00000)]
  0x0000027376c30000 JavaThread "Monitor Ctrl-Break" daemon [_thread_in_native, id=6932, stack(0x000000a409b00000,0x000000a409c00000)]
  0x0000027374486800 JavaThread "Attach Listener" daemon [_thread_blocked, id=5364, stack(0x000000a409a00000,0x000000a409b00000)]
  0x0000027374486000 JavaThread "Signal Dispatcher" daemon [_thread_blocked, id=13976, stack(0x000000a409900000,0x000000a409a00000)]
  0x0000027374453800 JavaThread "Finalizer" daemon [_thread_blocked, id=328, stack(0x000000a409800000,0x000000a409900000)]
  0x000002737444a000 JavaThread "Reference Handler" daemon [_thread_blocked, id=8740, stack(0x000000a409700000,0x000000a409800000)]

Other Threads:
  0x0000027374421800 VMThread [stack: 0x000000a409600000,0x000000a409700000] [id=6184]
  0x0000027376d34000 WatcherThread [stack: 0x000000a40a100000,0x000000a40a200000] [id=7744]

VM state:not at safepoint (normal execution)

VM Mutex/Monitor currently owned by a thread: None

heap address: 0x0000000082e00000, size: 2002 MB, Compressed Oops mode: 32-bit
Narrow klass base: 0x0000000000000000, Narrow klass shift: 3
Compressed class space size: 1073741824 Address: 0x0000000100000000

Heap:
 PSYoungGen      total 259072K, used 144732K [0x00000000d6500000, 0x00000000e7d00000, 0x0000000100000000)
  eden space 234496K, 61% used [0x00000000d6500000,0x00000000df257278,0x00000000e4a00000)
  from space 24576K, 0% used [0x00000000e6500000,0x00000000e6500000,0x00000000e7d00000)
  to   space 26112K, 0% used [0x00000000e4a00000,0x00000000e4a00000,0x00000000e6380000)
 ParOldGen       total 93184K, used 19924K [0x0000000082e00000, 0x0000000088900000, 0x00000000d6500000)
  object space 93184K, 21% used [0x0000000082e00000,0x0000000084175090,0x0000000088900000)
 Metaspace       used 44161K, capacity 46386K, committed 46680K, reserved 1089536K
  class space    used 5546K, capacity 5923K, committed 6016K, reserved 1048576K

Card table byte_map: [0x000002736f090000,0x000002736f480000] byte_map_base: 0x000002736ec79000

Marking Bits: (ParMarkBitMap*) 0x000000006f0f9030
 Begin Bits: [0x000002736f720000, 0x0000027371668000)
 End Bits:   [0x0000027371668000, 0x00000273735b0000)

Polling page: 0x000002735e280000

CodeCache: size=245760Kb used=14729Kb max_used=14729Kb free=231030Kb
 bounds [0x000002735fcd0000, 0x0000027360b50000, 0x000002736ecd0000]
 total_blobs=4534 nmethods=4032 adapters=413
 compilation: enabled

Compilation events (10 events):
Event: 6.942 Thread 0x0000027376c49000 nmethod 4496 0x0000027360ac8550 code [0x0000027360ac86c0, 0x0000027360ac8830]
Event: 6.942 Thread 0x0000027376c49000 4498       3       sun.misc.ProxyGenerator::access$1800 (7 bytes)
Event: 6.943 Thread 0x0000027376c49000 nmethod 4498 0x0000027360ada290 code [0x0000027360ada400, 0x0000027360ada570]
Event: 6.946 Thread 0x0000027376c3a000 4499       4       java.util.Objects::requireNonNull (15 bytes)
Event: 6.947 Thread 0x0000027376c3a000 nmethod 4499 0x0000027360ae2f90 code [0x0000027360ae30c0, 0x0000027360ae3118]
Event: 6.947 Thread 0x0000027376c3a000 4500       4       sun.nio.cs.ThreadLocalCoders$Cache::forName (108 bytes)
Event: 6.947 Thread 0x0000027376c49000 4501       1       org.apache.tomcat.util.http.MimeHeaderField::getName (5 bytes)
Event: 6.947 Thread 0x0000027376c49000 nmethod 4501 0x0000027360ae5c50 code [0x0000027360ae5da0, 0x0000027360ae5eb8]
Event: 6.947 Thread 0x0000027376c49000 4502       3       org.apache.tomcat.util.buf.Ascii::toLower (14 bytes)
Event: 6.947 Thread 0x0000027376c49000 nmethod 4502 0x0000027360ae5890 code [0x0000027360ae59e0, 0x0000027360ae5b58]

GC Heap History (10 events):
Event: 1.794 GC heap before
{Heap before GC invocations=8 (full 1):
 PSYoungGen      total 113152K, used 111456K [0x00000000d6500000, 0x00000000ddd00000, 0x0000000100000000)
  eden space 104448K, 100% used [0x00000000d6500000,0x00000000dcb00000,0x00000000dcb00000)
  from space 8704K, 80% used [0x00000000dd380000,0x00000000dda58000,0x00000000ddc00000)
  to   space 8704K, 0% used [0x00000000dcb00000,0x00000000dcb00000,0x00000000dd380000)
 ParOldGen       total 55808K, used 6980K [0x0000000082e00000, 0x0000000086480000, 0x00000000d6500000)
  object space 55808K, 12% used [0x0000000082e00000,0x00000000834d11c0,0x0000000086480000)
 Metaspace       used 22185K, capacity 23120K, committed 23296K, reserved 1069056K
  class space    used 2746K, capacity 2946K, committed 3072K, reserved 1048576K
Event: 1.811 GC heap after
Heap after GC invocations=8 (full 1):
 PSYoungGen      total 113152K, used 8682K [0x00000000d6500000, 0x00000000e2c80000, 0x0000000100000000)
  eden space 104448K, 0% used [0x00000000d6500000,0x00000000d6500000,0x00000000dcb00000)
  from space 8704K, 99% used [0x00000000dcb00000,0x00000000dd37ab88,0x00000000dd380000)
  to   space 15872K, 0% used [0x00000000e1d00000,0x00000000e1d00000,0x00000000e2c80000)
 ParOldGen       total 55808K, used 19942K [0x0000000082e00000, 0x0000000086480000, 0x00000000d6500000)
  object space 55808K, 35% used [0x0000000082e00000,0x0000000084179b90,0x0000000086480000)
 Metaspace       used 22185K, capacity 23120K, committed 23296K, reserved 1069056K
  class space    used 2746K, capacity 2946K, committed 3072K, reserved 1048576K
}
Event: 2.073 GC heap before
{Heap before GC invocations=9 (full 1):
 PSYoungGen      total 113152K, used 113130K [0x00000000d6500000, 0x00000000e2c80000, 0x0000000100000000)
  eden space 104448K, 100% used [0x00000000d6500000,0x00000000dcb00000,0x00000000dcb00000)
  from space 8704K, 99% used [0x00000000dcb00000,0x00000000dd37ab88,0x00000000dd380000)
  to   space 15872K, 0% used [0x00000000e1d00000,0x00000000e1d00000,0x00000000e2c80000)
 ParOldGen       total 55808K, used 19942K [0x0000000082e00000, 0x0000000086480000, 0x00000000d6500000)
  object space 55808K, 35% used [0x0000000082e00000,0x0000000084179b90,0x0000000086480000)
 Metaspace       used 22214K, capacity 23120K, committed 23296K, reserved 1069056K
  class space    used 2753K, capacity 2946K, committed 3072K, reserved 1048576K
Event: 2.085 GC heap after
Heap after GC invocations=9 (full 1):
 PSYoungGen      total 184320K, used 15855K [0x00000000d6500000, 0x00000000e3700000, 0x0000000100000000)
  eden space 168448K, 0% used [0x00000000d6500000,0x00000000d6500000,0x00000000e0980000)
  from space 15872K, 99% used [0x00000000e1d00000,0x00000000e2c7bd60,0x00000000e2c80000)
  to   space 19968K, 0% used [0x00000000e0980000,0x00000000e0980000,0x00000000e1d00000)
 ParOldGen       total 55808K, used 23816K [0x0000000082e00000, 0x0000000086480000, 0x00000000d6500000)
  object space 55808K, 42% used [0x0000000082e00000,0x0000000084542100,0x0000000086480000)
 Metaspace       used 22214K, capacity 23120K, committed 23296K, reserved 1069056K
  class space    used 2753K, capacity 2946K, committed 3072K, reserved 1048576K
}
Event: 3.135 GC heap before
{Heap before GC invocations=10 (full 1):
 PSYoungGen      total 184320K, used 184303K [0x00000000d6500000, 0x00000000e3700000, 0x0000000100000000)
  eden space 168448K, 100% used [0x00000000d6500000,0x00000000e0980000,0x00000000e0980000)
  from space 15872K, 99% used [0x00000000e1d00000,0x00000000e2c7bd60,0x00000000e2c80000)
  to   space 19968K, 0% used [0x00000000e0980000,0x00000000e0980000,0x00000000e1d00000)
 ParOldGen       total 55808K, used 23816K [0x0000000082e00000, 0x0000000086480000, 0x00000000d6500000)
  object space 55808K, 42% used [0x0000000082e00000,0x0000000084542100,0x0000000086480000)
 Metaspace       used 31259K, capacity 32816K, committed 33152K, reserved 1079296K
  class space    used 3840K, capacity 4146K, committed 4224K, reserved 1048576K
Event: 3.157 GC heap after
Heap after GC invocations=10 (full 1):
 PSYoungGen      total 188416K, used 19958K [0x00000000d6500000, 0x00000000e7f80000, 0x0000000100000000)
  eden space 168448K, 0% used [0x00000000d6500000,0x00000000d6500000,0x00000000e0980000)
  from space 19968K, 99% used [0x00000000e0980000,0x00000000e1cfdab8,0x00000000e1d00000)
  to   space 27136K, 0% used [0x00000000e6500000,0x00000000e6500000,0x00000000e7f80000)
 ParOldGen       total 55808K, used 34291K [0x0000000082e00000, 0x0000000086480000, 0x00000000d6500000)
  object space 55808K, 61% used [0x0000000082e00000,0x0000000084f7cd58,0x0000000086480000)
 Metaspace       used 31259K, capacity 32816K, committed 33152K, reserved 1079296K
  class space    used 3840K, capacity 4146K, committed 4224K, reserved 1048576K
}
Event: 3.403 GC heap before
{Heap before GC invocations=11 (full 1):
 PSYoungGen      total 188416K, used 46187K [0x00000000d6500000, 0x00000000e7f80000, 0x0000000100000000)
  eden space 168448K, 15% used [0x00000000d6500000,0x00000000d7e9d540,0x00000000e0980000)
  from space 19968K, 99% used [0x00000000e0980000,0x00000000e1cfdab8,0x00000000e1d00000)
  to   space 27136K, 0% used [0x00000000e6500000,0x00000000e6500000,0x00000000e7f80000)
 ParOldGen       total 55808K, used 34291K [0x0000000082e00000, 0x0000000086480000, 0x00000000d6500000)
  object space 55808K, 61% used [0x0000000082e00000,0x0000000084f7cd58,0x0000000086480000)
 Metaspace       used 33618K, capacity 35306K, committed 35416K, reserved 1081344K
  class space    used 4139K, capacity 4439K, committed 4480K, reserved 1048576K
Event: 3.410 GC heap after
Heap after GC invocations=11 (full 1):
 PSYoungGen      total 259072K, used 8580K [0x00000000d6500000, 0x00000000e7d00000, 0x0000000100000000)
  eden space 234496K, 0% used [0x00000000d6500000,0x00000000d6500000,0x00000000e4a00000)
  from space 24576K, 34% used [0x00000000e6500000,0x00000000e6d61048,0x00000000e7d00000)
  to   space 26112K, 0% used [0x00000000e4a00000,0x00000000e4a00000,0x00000000e6380000)
 ParOldGen       total 55808K, used 36827K [0x0000000082e00000, 0x0000000086480000, 0x00000000d6500000)
  object space 55808K, 65% used [0x0000000082e00000,0x00000000851f6d78,0x0000000086480000)
 Metaspace       used 33618K, capacity 35306K, committed 35416K, reserved 1081344K
  class space    used 4139K, capacity 4439K, committed 4480K, reserved 1048576K
}
Event: 3.410 GC heap before
{Heap before GC invocations=12 (full 2):
 PSYoungGen      total 259072K, used 8580K [0x00000000d6500000, 0x00000000e7d00000, 0x0000000100000000)
  eden space 234496K, 0% used [0x00000000d6500000,0x00000000d6500000,0x00000000e4a00000)
  from space 24576K, 34% used [0x00000000e6500000,0x00000000e6d61048,0x00000000e7d00000)
  to   space 26112K, 0% used [0x00000000e4a00000,0x00000000e4a00000,0x00000000e6380000)
 ParOldGen       total 55808K, used 36827K [0x0000000082e00000, 0x0000000086480000, 0x00000000d6500000)
  object space 55808K, 65% used [0x0000000082e00000,0x00000000851f6d78,0x0000000086480000)
 Metaspace       used 33618K, capacity 35306K, committed 35416K, reserved 1081344K
  class space    used 4139K, capacity 4439K, committed 4480K, reserved 1048576K
Event: 3.454 GC heap after
Heap after GC invocations=12 (full 2):
 PSYoungGen      total 259072K, used 0K [0x00000000d6500000, 0x00000000e7d00000, 0x0000000100000000)
  eden space 234496K, 0% used [0x00000000d6500000,0x00000000d6500000,0x00000000e4a00000)
  from space 24576K, 0% used [0x00000000e6500000,0x00000000e6500000,0x00000000e7d00000)
  to   space 26112K, 0% used [0x00000000e4a00000,0x00000000e4a00000,0x00000000e6380000)
 ParOldGen       total 93184K, used 19924K [0x0000000082e00000, 0x0000000088900000, 0x00000000d6500000)
  object space 93184K, 21% used [0x0000000082e00000,0x0000000084175090,0x0000000088900000)
 Metaspace       used 33618K, capacity 35306K, committed 35416K, reserved 1081344K
  class space    used 4139K, capacity 4439K, committed 4480K, reserved 1048576K
}

Deoptimization events (10 events):
Event: 4.133 Thread 0x000002735e2da800 Uncommon trap: reason=class_check action=maybe_recompile pc=0x00000273608e2cc8 method=java.lang.AbstractStringBuilder.append(Ljava/lang/CharSequence;)Ljava/lang/AbstractStringBuilder; @ 10
Event: 4.133 Thread 0x000002735e2da800 Uncommon trap: reason=class_check action=maybe_recompile pc=0x00000273608e2cc8 method=java.lang.AbstractStringBuilder.append(Ljava/lang/CharSequence;)Ljava/lang/AbstractStringBuilder; @ 10
Event: 4.133 Thread 0x000002735e2da800 Uncommon trap: reason=class_check action=maybe_recompile pc=0x00000273608e2cc8 method=java.lang.AbstractStringBuilder.append(Ljava/lang/CharSequence;)Ljava/lang/AbstractStringBuilder; @ 10
Event: 4.133 Thread 0x000002735e2da800 Uncommon trap: reason=unstable_if action=reinterpret pc=0x00000273603c8f78 method=java.util.StringTokenizer.nextToken()Ljava/lang/String; @ 5
Event: 4.227 Thread 0x000002735e2da800 Uncommon trap: reason=class_check action=maybe_recompile pc=0x0000027360060e84 method=org.springframework.boot.context.properties.source.ConfigurationPropertyName$Elements.charAt(II)C @ 43
Event: 4.228 Thread 0x000002735e2da800 Uncommon trap: reason=class_check action=maybe_recompile pc=0x0000027360060e84 method=org.springframework.boot.context.properties.source.ConfigurationPropertyName$Elements.charAt(II)C @ 43
Event: 4.254 Thread 0x000002735e2da800 Uncommon trap: reason=class_check action=maybe_recompile pc=0x0000027360222a74 method=java.util.TreeMap.getEntry(Ljava/lang/Object;)Ljava/util/TreeMap$Entry; @ 26
Event: 4.258 Thread 0x000002735e2da800 Uncommon trap: reason=bimorphic action=maybe_recompile pc=0x000002735ff6813c method=java.util.Hashtable.get(Ljava/lang/Object;)Ljava/lang/Object; @ 6
Event: 4.258 Thread 0x000002735e2da800 Uncommon trap: reason=bimorphic action=maybe_recompile pc=0x000002735ff6813c method=java.util.Hashtable.get(Ljava/lang/Object;)Ljava/lang/Object; @ 6
Event: 6.919 Thread 0x0000027376c47800 Uncommon trap: reason=unstable_if action=reinterpret pc=0x000002736066fd14 method=org.springframework.beans.factory.support.AbstractAutowireCapableBeanFactory.determineTargetType(Ljava/lang/String;Lorg/springframework/beans/factory/support/RootBeanDefinit

Classes redefined (0 events):
No events

Internal exceptions (10 events):
Event: 3.644 Thread 0x000002735e2da800 Exception <a 'java/lang/ClassNotFoundException': org/springframework/web/context/ServletContextAwareCustomizer> (0x00000000d99ae6c8) thrown at [C:\jenkins\workspace\8-2-build-windows-amd64-cygwin\jdk8u333\2551\hotspot\src\share\vm\classfile\systemDictiona
Event: 3.644 Thread 0x000002735e2da800 Exception <a 'java/lang/ClassNotFoundException': org/springframework/beans/factory/AwareCustomizer> (0x00000000d99c3fd8) thrown at [C:\jenkins\workspace\8-2-build-windows-amd64-cygwin\jdk8u333\2551\hotspot\src\share\vm\classfile\systemDictionary.cpp, line
Event: 3.791 Thread 0x000002735e2da800 Exception <a 'java/lang/IncompatibleClassChangeError': Found class java.lang.Object, but interface was expected> (0x00000000daaec8d0) thrown at [C:\jenkins\workspace\8-2-build-windows-amd64-cygwin\jdk8u333\2551\hotspot\src\share\vm\interpreter\linkResolve
Event: 3.888 Thread 0x000002735e2da800 Exception <a 'java/lang/ClassNotFoundException': java/lang/ObjectCustomizer> (0x00000000db8b02a0) thrown at [C:\jenkins\workspace\8-2-build-windows-amd64-cygwin\jdk8u333\2551\hotspot\src\share\vm\classfile\systemDictionary.cpp, line 212]
Event: 3.888 Thread 0x000002735e2da800 Exception <a 'java/lang/ClassNotFoundException': org/springframework/dao/support/DaoSupportCustomizer> (0x00000000db8c9480) thrown at [C:\jenkins\workspace\8-2-build-windows-amd64-cygwin\jdk8u333\2551\hotspot\src\share\vm\classfile\systemDictionary.cpp, l
Event: 3.888 Thread 0x000002735e2da800 Exception <a 'java/lang/ClassNotFoundException': org/beetl/sql/ext/spring4/BeetlSqlDaoSupportCustomizer> (0x00000000db8e0d18) thrown at [C:\jenkins\workspace\8-2-build-windows-amd64-cygwin\jdk8u333\2551\hotspot\src\share\vm\classfile\systemDictionary.cpp,
Event: 3.888 Thread 0x000002735e2da800 Exception <a 'java/lang/ClassNotFoundException': org/beetl/sql/ext/spring4/BeetlSqlFactoryBeanCustomizer> (0x00000000db8fa948) thrown at [C:\jenkins\workspace\8-2-build-windows-amd64-cygwin\jdk8u333\2551\hotspot\src\share\vm\classfile\systemDictionary.cpp
Event: 3.889 Thread 0x000002735e2da800 Exception <a 'java/lang/ClassNotFoundException': org/springframework/beans/factory/FactoryBeanCustomizer> (0x00000000db91ae88) thrown at [C:\jenkins\workspace\8-2-build-windows-amd64-cygwin\jdk8u333\2551\hotspot\src\share\vm\classfile\systemDictionary.cpp
Event: 3.889 Thread 0x000002735e2da800 Exception <a 'java/lang/ClassNotFoundException': org/springframework/beans/factory/InitializingBeanCustomizer> (0x00000000db936950) thrown at [C:\jenkins\workspace\8-2-build-windows-amd64-cygwin\jdk8u333\2551\hotspot\src\share\vm\classfile\systemDictionar
Event: 3.969 Thread 0x000002737b45e000 Implicit null exception at 0x000002736099b359 to 0x000002736099f1dd

Events (10 events):
Event: 6.946 loading class java/time/format/DateTimeFormatterBuilder$ReducedPrinterParser
Event: 6.946 loading class java/time/format/DateTimeFormatterBuilder$ReducedPrinterParser done
Event: 6.946 loading class org/apache/tomcat/util/http/NamesEnumerator
Event: 6.946 loading class org/apache/tomcat/util/http/NamesEnumerator done
Event: 6.947 loading class org/springframework/web/servlet/mvc/method/annotation/AbstractMessageConverterMethodArgumentResolver$EmptyBodyCheckingHttpInputMessage
Event: 6.947 loading class org/springframework/web/servlet/mvc/method/annotation/AbstractMessageConverterMethodArgumentResolver$EmptyBodyCheckingHttpInputMessage done
Event: 6.947 loading class org/springframework/http/MediaType
Event: 6.947 loading class org/springframework/http/MediaType done
Event: 6.947 loading class org/springframework/http/MediaType
Event: 6.947 loading class org/springframework/http/MediaType done


Dynamic libraries:
0x00007ff79a9d0000 - 0x00007ff79aa17000 	C:\Program Files\Java\jdk1.8.0\bin\java.exe
0x00007ff89f350000 - 0x00007ff89f547000 	C:\Windows\SYSTEM32\ntdll.dll
0x00007ff89e460000 - 0x00007ff89e51d000 	C:\Windows\System32\KERNEL32.DLL
0x00007ff89d0e0000 - 0x00007ff89d3ad000 	C:\Windows\System32\KERNELBASE.dll
0x00007ff89ed10000 - 0x00007ff89edbe000 	C:\Windows\System32\ADVAPI32.dll
0x00007ff89ef80000 - 0x00007ff89f01e000 	C:\Windows\System32\msvcrt.dll
0x00007ff89ec70000 - 0x00007ff89ed0c000 	C:\Windows\System32\sechost.dll
0x00007ff89f0d0000 - 0x00007ff89f1f5000 	C:\Windows\System32\RPCRT4.dll
0x00007ff89ea10000 - 0x00007ff89ebb0000 	C:\Windows\System32\USER32.dll
0x00007ff89cfa0000 - 0x00007ff89cfc2000 	C:\Windows\System32\win32u.dll
0x00007ff89f270000 - 0x00007ff89f29a000 	C:\Windows\System32\GDI32.dll
0x00007ff89cc80000 - 0x00007ff89cd8b000 	C:\Windows\System32\gdi32full.dll
0x00007ff89ce90000 - 0x00007ff89cf2d000 	C:\Windows\System32\msvcp_win.dll
0x00007ff89cd90000 - 0x00007ff89ce90000 	C:\Windows\System32\ucrtbase.dll
0x00007ff88abe0000 - 0x00007ff88ae7a000 	C:\Windows\WinSxS\amd64_microsoft.windows.common-controls_6595b64144ccf1df_6.0.19041.1110_none_60b5254171f9507e\COMCTL32.dll
0x00007ff89ebb0000 - 0x00007ff89ebe0000 	C:\Windows\System32\IMM32.DLL
0x00007ff867b80000 - 0x00007ff867b95000 	C:\Program Files\Java\jdk1.8.0\jre\bin\vcruntime140.dll
0x00007ff859c60000 - 0x00007ff859cfb000 	C:\Program Files\Java\jdk1.8.0\jre\bin\msvcp140.dll
0x000000006e910000 - 0x000000006f171000 	C:\Program Files\Java\jdk1.8.0\jre\bin\server\jvm.dll
0x00007ff89d880000 - 0x00007ff89d888000 	C:\Windows\System32\PSAPI.DLL
0x00007ff885890000 - 0x00007ff885899000 	C:\Windows\SYSTEM32\WSOCK32.dll
0x00007ff897640000 - 0x00007ff89764a000 	C:\Windows\SYSTEM32\VERSION.dll
0x00007ff891710000 - 0x00007ff891737000 	C:\Windows\SYSTEM32\WINMM.dll
0x00007ff89f200000 - 0x00007ff89f26b000 	C:\Windows\System32\WS2_32.dll
0x00007ff89b320000 - 0x00007ff89b332000 	C:\Windows\SYSTEM32\kernel.appcore.dll
0x00007ff886ca0000 - 0x00007ff886cb0000 	C:\Program Files\Java\jdk1.8.0\jre\bin\verify.dll
0x00007ff866a20000 - 0x00007ff866a4b000 	C:\Program Files\Java\jdk1.8.0\jre\bin\java.dll
0x00007ff88f8d0000 - 0x00007ff88f900000 	C:\Program Files\Java\jdk1.8.0\jre\bin\instrument.dll
0x00007ff865330000 - 0x00007ff865348000 	C:\Program Files\Java\jdk1.8.0\jre\bin\zip.dll
0x00007ff89dbf0000 - 0x00007ff89e334000 	C:\Windows\System32\SHELL32.dll
0x00007ff89aa00000 - 0x00007ff89b194000 	C:\Windows\SYSTEM32\windows.storage.dll
0x00007ff89d890000 - 0x00007ff89dbe4000 	C:\Windows\System32\combase.dll
0x00007ff89c4d0000 - 0x00007ff89c4fc000 	C:\Windows\SYSTEM32\Wldp.dll
0x00007ff89e720000 - 0x00007ff89e7cd000 	C:\Windows\System32\SHCORE.dll
0x00007ff89ec10000 - 0x00007ff89ec65000 	C:\Windows\System32\shlwapi.dll
0x00007ff89c9b0000 - 0x00007ff89c9cf000 	C:\Windows\SYSTEM32\profapi.dll
0x00007ff8983c0000 - 0x00007ff8983da000 	C:\Program Files\JetBrains\IntelliJ IDEA Community Edition 2022.1.3\bin\breakgen64.dll
0x00007ff860e80000 - 0x00007ff860e9c000 	C:\Program Files\Java\jdk1.8.0\jre\bin\net.dll
0x00007ff89c230000 - 0x00007ff89c29a000 	C:\Windows\system32\mswsock.dll
0x00007ff898380000 - 0x00007ff89838d000 	C:\Program Files\Java\jdk1.8.0\jre\bin\management.dll
0x00007ff898410000 - 0x00007ff898427000 	C:\Windows\system32\napinsp.dll
0x00007ff894770000 - 0x00007ff89478b000 	C:\Windows\system32\pnrpnsp.dll
0x00007ff86cf50000 - 0x00007ff86cf65000 	C:\Windows\system32\wshbth.dll
0x00007ff898120000 - 0x00007ff89813d000 	C:\Windows\system32\NLAapi.dll
0x00007ff89bed0000 - 0x00007ff89bf0b000 	C:\Windows\SYSTEM32\IPHLPAPI.DLL
0x00007ff89bf10000 - 0x00007ff89bfdb000 	C:\Windows\SYSTEM32\DNSAPI.dll
0x00007ff89f2a0000 - 0x00007ff89f2a8000 	C:\Windows\System32\NSI.dll
0x00007ff88b060000 - 0x00007ff88b072000 	C:\Windows\System32\winrnr.dll
0x00007ff895740000 - 0x00007ff89574a000 	C:\Windows\System32\rasadhlp.dll
0x00007ff893280000 - 0x00007ff893300000 	C:\Windows\System32\fwpuclnt.dll
0x00007ff89cfd0000 - 0x00007ff89cff7000 	C:\Windows\System32\bcrypt.dll
0x00007ff8601a0000 - 0x00007ff8601b3000 	C:\Program Files\Java\jdk1.8.0\jre\bin\nio.dll
0x00007ff89c420000 - 0x00007ff89c438000 	C:\Windows\SYSTEM32\CRYPTSP.dll
0x00007ff89bb40000 - 0x00007ff89bb74000 	C:\Windows\system32\rsaenh.dll
0x00007ff89c930000 - 0x00007ff89c95e000 	C:\Windows\SYSTEM32\USERENV.dll
0x00007ff89d000000 - 0x00007ff89d082000 	C:\Windows\System32\bcryptprimitives.dll
0x00007ff89c440000 - 0x00007ff89c44c000 	C:\Windows\SYSTEM32\CRYPTBASE.dll
0x00007ff896550000 - 0x00007ff896567000 	C:\Windows\SYSTEM32\dhcpcsvc6.DLL
0x00007ff896530000 - 0x00007ff89654d000 	C:\Windows\SYSTEM32\dhcpcsvc.DLL

VM Arguments:
jvm_args: -javaagent:C:\Program Files\JetBrains\IntelliJ IDEA Community Edition 2022.1.3\lib\idea_rt.jar=52830:C:\Program Files\JetBrains\IntelliJ IDEA Community Edition 2022.1.3\bin -Dfile.encoding=UTF-8 
java_command: com.example.shop.ShopApplication
java_class_path (initial): C:\Program Files\Java\jdk1.8.0\jre\lib\charsets.jar;C:\Program Files\Java\jdk1.8.0\jre\lib\deploy.jar;C:\Program Files\Java\jdk1.8.0\jre\lib\ext\access-bridge-64.jar;C:\Program Files\Java\jdk1.8.0\jre\lib\ext\cldrdata.jar;C:\Program Files\Java\jdk1.8.0\jre\lib\ext\dnsns.jar;C:\Program Files\Java\jdk1.8.0\jre\lib\ext\jaccess.jar;C:\Program Files\Java\jdk1.8.0\jre\lib\ext\jfxrt.jar;C:\Program Files\Java\jdk1.8.0\jre\lib\ext\localedata.jar;C:\Program Files\Java\jdk1.8.0\jre\lib\ext\nashorn.jar;C:\Program Files\Java\jdk1.8.0\jre\lib\ext\sunec.jar;C:\Program Files\Java\jdk1.8.0\jre\lib\ext\sunjce_provider.jar;C:\Program Files\Java\jdk1.8.0\jre\lib\ext\sunmscapi.jar;C:\Program Files\Java\jdk1.8.0\jre\lib\ext\sunpkcs11.jar;C:\Program Files\Java\jdk1.8.0\jre\lib\ext\zipfs.jar;C:\Program Files\Java\jdk1.8.0\jre\lib\javaws.jar;C:\Program Files\Java\jdk1.8.0\jre\lib\jce.jar;C:\Program Files\Java\jdk1.8.0\jre\lib\jfr.jar;C:\Program Files\Java\jdk1.8.0\jre\lib\jfxswt.jar;C:\Program Files\Java\jdk1.8.0\jre\lib\jsse.jar;C:\Program Files\Java\jdk1.8.0\jre\lib\management-agent.jar;C:\Program Files\Java\jdk1.8.0\jre\lib\plugin.jar;C:\Program Files\Java\jdk1.8.0\jre\lib\resources.jar;C:\Program Files\Java\jdk1.8.0\jre\lib\rt.jar;N:\ontime\SmoothShop\target\classes;C:\Users\PCuser\.m2\repository\org\projectlombok\lombok\1.16.10\lombok-1.16.10.jar;C:\Users\PCuser\.m2\repository\org\springframework\boot\spring-boot-starter-web\2.3.2.RELEASE\spring-boot-starter-web-2.3.2.RELEASE.jar;C:\Users\PCuser\.m2\repository\org\springframework\boot\spring-boot-starter\2.3.2.RELEASE\spring-boot-starter-2.3.2.RELEASE.jar;C:\Users\PCuser\.m2\repository\org\springframework\boot\spring-boot\2.3.2.RELEASE\spring-boot-2.3.2.RELEASE.jar;C:\Users\PCuser\.m2\repository\org\springframework\boot\spring-boot-starter-logging\2.3.2.RELEASE\spring-boot-starter-logging-2.3.2.RELEASE.jar;C:\Users\PCuser\.m2\repository\ch\qos\logback\logback-classic\1.2.3\logback-classic-1.2.3.jar;C:\Users
Launcher Type: SUN_STANDARD

Environment Variables:
JAVA_HOME=C:\Program Files\Java\jdk1.8.0
PATH=C:\Program Files (x86)\Common Files\Oracle\Java\javapath;C:\Windows\system32;C:\Windows;C:\Windows\System32\Wbem;C:\Windows\System32\WindowsPowerShell\v1.0\;C:\Windows\System32\OpenSSH\;C:\Program Files\MATLAB\R2017b\runtime\win64;C:\Program Files\MATLAB\R2017b\bin;C:\Program Files\IBM\SPSS\Statistics\25\JRE\bin;C:\Program Files\Microsoft SQL Server\Client SDK\ODBC\170\Tools\Binn\;C:\Program Files (x86)\Microsoft SQL Server\150\Tools\Binn\;C:\Program Files\Microsoft SQL Server\150\Tools\Binn\;C:\Program Files\Microsoft SQL Server\150\DTS\Binn\;C:\Program Files (x86)\Microsoft SQL Server\150\DTS\Binn\;C:\Program Files\Azure Data Studio\bin;C:\Program Files\Java\jdk1.8.0\bin;C:\Program Files\Java\jdk1.8.0\jre\bin;C:\Program Files\dotnet\;C:\Program Files (x86)\Tencent\微信web开发者工具\dll;;C:\Program Files\Git\cmd;C:\Users\PCuser\AppData\Local\Microsoft\WindowsApps;;C:\Program Files\JetBrains\PyCharm Community Edition 2022.1\bin;;C:\Program Files\Azure Data Studio\bin;C:\Users\PCuser\.dotnet\tools
USERNAME=PCuser
OS=Windows_NT
PROCESSOR_IDENTIFIER=Intel64 Family 6 Model 158 Stepping 10, GenuineIntel



---------------  S Y S T E M  ---------------

OS: Windows 10 , 64 bit Build 19041 (10.0.19041.1741)

CPU:total 12 (initial active 12) (6 cores per cpu, 2 threads per core) family 6 model 158 stepping 10, cmov, cx8, fxsr, mmx, sse, sse2, sse3, ssse3, sse4.1, sse4.2, popcnt, avx, avx2, aes, clmul, erms, rtm, 3dnowpref, lzcnt, ht, tsc, tscinvbit, bmi1, bmi2, adx

Memory: 4k page, physical 8198716k(1399312k free), swap 10295864k(5248k free)

vm_info: Java HotSpot(TM) 64-Bit Server VM (25.333-b02) for windows-amd64 JRE (1.8.0_333-b02), built on Apr 25 2022 22:49:11 by "java_re" with MS VC++ 15.9 (VS2017)

time: Wed Jul 12 17:43:57 2023
timezone: 中国标准时间
elapsed time: 6.954696 seconds (0d 0h 0m 6s)

